Arguments: 
  C:\Program Files\nodejs\node.exe C:\Users\krown\AppData\Roaming\npm\node_modules\yarn\bin\yarn.js add nodamon

PATH: 
  C:\Python312\Scripts\;C:\Python312\;C:\Python310\Scripts\;C:\Python310\;C:\Program Files\Common Files\Oracle\Java\javapath;C:\Program Files\Microsoft\jdk-11.0.12.7-hotspot\bin;C:\Program Files (x86)\Common Files\Oracle\Java\javapath;C:\Program Files\Oculus\Support\oculus-runtime;C:\Windows\system32;C:\Windows;C:\Windows\System32\Wbem;C:\Windows\System32\WindowsPowerShell\v1.0\;C:\Windows\System32\OpenSSH\;C:\Program Files\NVIDIA Corporation\NVIDIA NvDLISR;C:\Program Files (x86)\NVIDIA Corporation\PhysX\Common;C:\Program Files\Microsoft SQL Server\Client SDK\ODBC\170\Tools\Binn\;C:\Program Files\PuTTY\;C:\ProgramData\chocolatey\bin;C:\Program Files\dotnet\;C:\Program Files\nodejs\;C:\Program Files\Git\cmd;C:\Program Files\Mullvad VPN\resources;C:\msys64\mingw64\bin;C:\msys64\usr\bin;C:\Users\krown\AppData\Local\Programs\Python\Python311\Scripts\;C:\Users\krown\AppData\Local\Programs\Python\Python311\;C:\Users\krown\AppData\Local\Programs\Python\Python39\Scripts\;C:\Users\krown\AppData\Local\Programs\Python\Python39\;C:\Users\krown\AppData\Local\Microsoft\WindowsApps;C:\Users\krown\AppData\Local\Programs\Microsoft VS Code\bin;C:\Users\krown\.dotnet\tools;c:\users\krown\.local\bin;C:\Users\krown\AppData\Roaming\npm;C:\Users\krown\AppData\Local\GitHubDesktop\bin;C:\msys64\mingw64\bin;C:\msys64\usr\bin;

Yarn version: 
  1.22.19

Node version: 
  20.11.1

Platform: 
  win32 x64

Trace: 
  Error: https://registry.yarnpkg.com/nodamon: Not found
      at params.callback [as _callback] (C:\Users\krown\AppData\Roaming\npm\node_modules\yarn\lib\cli.js:66145:18)
      at self.callback (C:\Users\krown\AppData\Roaming\npm\node_modules\yarn\lib\cli.js:140890:22)
      at Request.emit (node:events:518:28)
      at Request.<anonymous> (C:\Users\krown\AppData\Roaming\npm\node_modules\yarn\lib\cli.js:141862:10)
      at Request.emit (node:events:518:28)
      at IncomingMessage.<anonymous> (C:\Users\krown\AppData\Roaming\npm\node_modules\yarn\lib\cli.js:141784:12)
      at Object.onceWrapper (node:events:632:28)
      at IncomingMessage.emit (node:events:530:35)
      at endReadableNT (node:internal/streams/readable:1696:12)
      at process.processTicksAndRejections (node:internal/process/task_queues:82:21)

npm manifest: 
  {
    "name": "server",
    "version": "1.0.0",
    "main": "index.js",
    "license": "MIT",
    "scripts": {
      "dev": "nodemon index.js"
    },
    "dependencies": {
      "@hcaptcha/react-hcaptcha": "^1.10.1",
      "@stripe/react-stripe-js": "^2.7.3",
      "@stripe/stripe-js": "^4.1.0",
      "bcryptjs": "^2.4.3",
      "cors": "^2.8.5",
      "express": "^4.19.2",
      "express-session": "^1.18.0",
      "helmet": "^7.1.0",
      "jsonwebtoken": "^8.5.1",
      "jwt-decode": "^4.0.0",
      "mongoose": "^6.13.0",
      "nodemon": "^2.0.19",
      "passport": "^0.7.0",
      "passport-discord": "^0.1.4",
      "stripe": "^16.2.0"
    }
  }

yarn manifest: 
  No manifest

Lockfile: 
  # THIS IS AN AUTOGENERATED FILE. DO NOT EDIT THIS FILE DIRECTLY.
  # yarn lockfile v1
  
  
  "@aws-crypto/sha256-browser@5.2.0":
    version "5.2.0"
    resolved "https://registry.npmjs.org/@aws-crypto/sha256-browser/-/sha256-browser-5.2.0.tgz"
    integrity sha512-AXfN/lGotSQwu6HNcEsIASo7kWXZ5HYWvfOmSNKDsEqC4OashTp8alTmaz+F7TC2L083SFv5RdB+qU3Vs1kZqw==
    dependencies:
      "@aws-crypto/sha256-js" "^5.2.0"
      "@aws-crypto/supports-web-crypto" "^5.2.0"
      "@aws-crypto/util" "^5.2.0"
      "@aws-sdk/types" "^3.222.0"
      "@aws-sdk/util-locate-window" "^3.0.0"
      "@smithy/util-utf8" "^2.0.0"
      tslib "^2.6.2"
  
  "@aws-crypto/sha256-js@5.2.0", "@aws-crypto/sha256-js@^5.2.0":
    version "5.2.0"
    resolved "https://registry.npmjs.org/@aws-crypto/sha256-js/-/sha256-js-5.2.0.tgz"
    integrity sha512-FFQQyu7edu4ufvIZ+OadFpHHOt+eSTBaYaki44c+akjg7qZg9oOQeLlk77F6tSYqjDAFClrHJk9tMf0HdVyOvA==
    dependencies:
      "@aws-crypto/util" "^5.2.0"
      "@aws-sdk/types" "^3.222.0"
      tslib "^2.6.2"
  
  "@aws-crypto/supports-web-crypto@^5.2.0":
    version "5.2.0"
    resolved "https://registry.npmjs.org/@aws-crypto/supports-web-crypto/-/supports-web-crypto-5.2.0.tgz"
    integrity sha512-iAvUotm021kM33eCdNfwIN//F77/IADDSs58i+MDaOqFrVjZo9bAal0NK7HurRuWLLpF1iLX7gbWrjHjeo+YFg==
    dependencies:
      tslib "^2.6.2"
  
  "@aws-crypto/util@^5.2.0":
    version "5.2.0"
    resolved "https://registry.npmjs.org/@aws-crypto/util/-/util-5.2.0.tgz"
    integrity sha512-4RkU9EsI6ZpBve5fseQlGNUWKMa1RLPQ1dnjnQoe07ldfIzcsGb5hC5W0Dm7u423KWzawlrpbjXBrXCEv9zazQ==
    dependencies:
      "@aws-sdk/types" "^3.222.0"
      "@smithy/util-utf8" "^2.0.0"
      tslib "^2.6.2"
  
  "@aws-sdk/client-cognito-identity@3.616.0":
    version "3.616.0"
    resolved "https://registry.npmjs.org/@aws-sdk/client-cognito-identity/-/client-cognito-identity-3.616.0.tgz"
    integrity sha512-3yli0rchw7FuI8CmxUKW5z6TzrAJzBm9x+Se20Gqm0idXc2X2RT4Z8axtni5umBu8+4QWgNDZAr/WG6bR/JUGA==
    dependencies:
      "@aws-crypto/sha256-browser" "5.2.0"
      "@aws-crypto/sha256-js" "5.2.0"
      "@aws-sdk/client-sso-oidc" "3.616.0"
      "@aws-sdk/client-sts" "3.616.0"
      "@aws-sdk/core" "3.616.0"
      "@aws-sdk/credential-provider-node" "3.616.0"
      "@aws-sdk/middleware-host-header" "3.616.0"
      "@aws-sdk/middleware-logger" "3.609.0"
      "@aws-sdk/middleware-recursion-detection" "3.616.0"
      "@aws-sdk/middleware-user-agent" "3.616.0"
      "@aws-sdk/region-config-resolver" "3.614.0"
      "@aws-sdk/types" "3.609.0"
      "@aws-sdk/util-endpoints" "3.614.0"
      "@aws-sdk/util-user-agent-browser" "3.609.0"
      "@aws-sdk/util-user-agent-node" "3.614.0"
      "@smithy/config-resolver" "^3.0.5"
      "@smithy/core" "^2.2.7"
      "@smithy/fetch-http-handler" "^3.2.2"
      "@smithy/hash-node" "^3.0.3"
      "@smithy/invalid-dependency" "^3.0.3"
      "@smithy/middleware-content-length" "^3.0.4"
      "@smithy/middleware-endpoint" "^3.0.5"
      "@smithy/middleware-retry" "^3.0.10"
      "@smithy/middleware-serde" "^3.0.3"
      "@smithy/middleware-stack" "^3.0.3"
      "@smithy/node-config-provider" "^3.1.4"
      "@smithy/node-http-handler" "^3.1.3"
      "@smithy/protocol-http" "^4.0.4"
      "@smithy/smithy-client" "^3.1.8"
      "@smithy/types" "^3.3.0"
      "@smithy/url-parser" "^3.0.3"
      "@smithy/util-base64" "^3.0.0"
      "@smithy/util-body-length-browser" "^3.0.0"
      "@smithy/util-body-length-node" "^3.0.0"
      "@smithy/util-defaults-mode-browser" "^3.0.10"
      "@smithy/util-defaults-mode-node" "^3.0.10"
      "@smithy/util-endpoints" "^2.0.5"
      "@smithy/util-middleware" "^3.0.3"
      "@smithy/util-retry" "^3.0.3"
      "@smithy/util-utf8" "^3.0.0"
      tslib "^2.6.2"
  
  "@aws-sdk/client-sso-oidc@3.616.0":
    version "3.616.0"
    resolved "https://registry.npmjs.org/@aws-sdk/client-sso-oidc/-/client-sso-oidc-3.616.0.tgz"
    integrity sha512-YY1hpYS/G1uRGjQf88dL8VLHkP/IjGxKeXdhy+JnzMdCkAWl3V9j0fEALw40NZe0x79gr6R2KUOUH/IKYQfUmg==
    dependencies:
      "@aws-crypto/sha256-browser" "5.2.0"
      "@aws-crypto/sha256-js" "5.2.0"
      "@aws-sdk/core" "3.616.0"
      "@aws-sdk/credential-provider-node" "3.616.0"
      "@aws-sdk/middleware-host-header" "3.616.0"
      "@aws-sdk/middleware-logger" "3.609.0"
      "@aws-sdk/middleware-recursion-detection" "3.616.0"
      "@aws-sdk/middleware-user-agent" "3.616.0"
      "@aws-sdk/region-config-resolver" "3.614.0"
      "@aws-sdk/types" "3.609.0"
      "@aws-sdk/util-endpoints" "3.614.0"
      "@aws-sdk/util-user-agent-browser" "3.609.0"
      "@aws-sdk/util-user-agent-node" "3.614.0"
      "@smithy/config-resolver" "^3.0.5"
      "@smithy/core" "^2.2.7"
      "@smithy/fetch-http-handler" "^3.2.2"
      "@smithy/hash-node" "^3.0.3"
      "@smithy/invalid-dependency" "^3.0.3"
      "@smithy/middleware-content-length" "^3.0.4"
      "@smithy/middleware-endpoint" "^3.0.5"
      "@smithy/middleware-retry" "^3.0.10"
      "@smithy/middleware-serde" "^3.0.3"
      "@smithy/middleware-stack" "^3.0.3"
      "@smithy/node-config-provider" "^3.1.4"
      "@smithy/node-http-handler" "^3.1.3"
      "@smithy/protocol-http" "^4.0.4"
      "@smithy/smithy-client" "^3.1.8"
      "@smithy/types" "^3.3.0"
      "@smithy/url-parser" "^3.0.3"
      "@smithy/util-base64" "^3.0.0"
      "@smithy/util-body-length-browser" "^3.0.0"
      "@smithy/util-body-length-node" "^3.0.0"
      "@smithy/util-defaults-mode-browser" "^3.0.10"
      "@smithy/util-defaults-mode-node" "^3.0.10"
      "@smithy/util-endpoints" "^2.0.5"
      "@smithy/util-middleware" "^3.0.3"
      "@smithy/util-retry" "^3.0.3"
      "@smithy/util-utf8" "^3.0.0"
      tslib "^2.6.2"
  
  "@aws-sdk/client-sso@3.616.0":
    version "3.616.0"
    resolved "https://registry.npmjs.org/@aws-sdk/client-sso/-/client-sso-3.616.0.tgz"
    integrity sha512-hwW0u1f8U4dSloAe61/eupUiGd5Q13B72BuzGxvRk0cIpYX/2m0KBG8DDl7jW1b2QQ+CflTLpG2XUf2+vRJxGA==
    dependencies:
      "@aws-crypto/sha256-browser" "5.2.0"
      "@aws-crypto/sha256-js" "5.2.0"
      "@aws-sdk/core" "3.616.0"
      "@aws-sdk/middleware-host-header" "3.616.0"
      "@aws-sdk/middleware-logger" "3.609.0"
      "@aws-sdk/middleware-recursion-detection" "3.616.0"
      "@aws-sdk/middleware-user-agent" "3.616.0"
      "@aws-sdk/region-config-resolver" "3.614.0"
      "@aws-sdk/types" "3.609.0"
      "@aws-sdk/util-endpoints" "3.614.0"
      "@aws-sdk/util-user-agent-browser" "3.609.0"
      "@aws-sdk/util-user-agent-node" "3.614.0"
      "@smithy/config-resolver" "^3.0.5"
      "@smithy/core" "^2.2.7"
      "@smithy/fetch-http-handler" "^3.2.2"
      "@smithy/hash-node" "^3.0.3"
      "@smithy/invalid-dependency" "^3.0.3"
      "@smithy/middleware-content-length" "^3.0.4"
      "@smithy/middleware-endpoint" "^3.0.5"
      "@smithy/middleware-retry" "^3.0.10"
      "@smithy/middleware-serde" "^3.0.3"
      "@smithy/middleware-stack" "^3.0.3"
      "@smithy/node-config-provider" "^3.1.4"
      "@smithy/node-http-handler" "^3.1.3"
      "@smithy/protocol-http" "^4.0.4"
      "@smithy/smithy-client" "^3.1.8"
      "@smithy/types" "^3.3.0"
      "@smithy/url-parser" "^3.0.3"
      "@smithy/util-base64" "^3.0.0"
      "@smithy/util-body-length-browser" "^3.0.0"
      "@smithy/util-body-length-node" "^3.0.0"
      "@smithy/util-defaults-mode-browser" "^3.0.10"
      "@smithy/util-defaults-mode-node" "^3.0.10"
      "@smithy/util-endpoints" "^2.0.5"
      "@smithy/util-middleware" "^3.0.3"
      "@smithy/util-retry" "^3.0.3"
      "@smithy/util-utf8" "^3.0.0"
      tslib "^2.6.2"
  
  "@aws-sdk/client-sts@3.616.0":
    version "3.616.0"
    resolved "https://registry.npmjs.org/@aws-sdk/client-sts/-/client-sts-3.616.0.tgz"
    integrity sha512-FP7i7hS5FpReqnysQP1ukQF1OUWy8lkomaOnbu15H415YUrfCp947SIx6+BItjmx+esKxPkEjh/fbCVzw2D6hQ==
    dependencies:
      "@aws-crypto/sha256-browser" "5.2.0"
      "@aws-crypto/sha256-js" "5.2.0"
      "@aws-sdk/client-sso-oidc" "3.616.0"
      "@aws-sdk/core" "3.616.0"
      "@aws-sdk/credential-provider-node" "3.616.0"
      "@aws-sdk/middleware-host-header" "3.616.0"
      "@aws-sdk/middleware-logger" "3.609.0"
      "@aws-sdk/middleware-recursion-detection" "3.616.0"
      "@aws-sdk/middleware-user-agent" "3.616.0"
      "@aws-sdk/region-config-resolver" "3.614.0"
      "@aws-sdk/types" "3.609.0"
      "@aws-sdk/util-endpoints" "3.614.0"
      "@aws-sdk/util-user-agent-browser" "3.609.0"
      "@aws-sdk/util-user-agent-node" "3.614.0"
      "@smithy/config-resolver" "^3.0.5"
      "@smithy/core" "^2.2.7"
      "@smithy/fetch-http-handler" "^3.2.2"
      "@smithy/hash-node" "^3.0.3"
      "@smithy/invalid-dependency" "^3.0.3"
      "@smithy/middleware-content-length" "^3.0.4"
      "@smithy/middleware-endpoint" "^3.0.5"
      "@smithy/middleware-retry" "^3.0.10"
      "@smithy/middleware-serde" "^3.0.3"
      "@smithy/middleware-stack" "^3.0.3"
      "@smithy/node-config-provider" "^3.1.4"
      "@smithy/node-http-handler" "^3.1.3"
      "@smithy/protocol-http" "^4.0.4"
      "@smithy/smithy-client" "^3.1.8"
      "@smithy/types" "^3.3.0"
      "@smithy/url-parser" "^3.0.3"
      "@smithy/util-base64" "^3.0.0"
      "@smithy/util-body-length-browser" "^3.0.0"
      "@smithy/util-body-length-node" "^3.0.0"
      "@smithy/util-defaults-mode-browser" "^3.0.10"
      "@smithy/util-defaults-mode-node" "^3.0.10"
      "@smithy/util-endpoints" "^2.0.5"
      "@smithy/util-middleware" "^3.0.3"
      "@smithy/util-retry" "^3.0.3"
      "@smithy/util-utf8" "^3.0.0"
      tslib "^2.6.2"
  
  "@aws-sdk/core@3.616.0":
    version "3.616.0"
    resolved "https://registry.npmjs.org/@aws-sdk/core/-/core-3.616.0.tgz"
    integrity sha512-O/urkh2kECs/IqZIVZxyeyHZ7OR2ZWhLNK7btsVQBQvJKrEspLrk/Fp20Qfg5JDerQfBN83ZbyRXLJOOucdZpw==
    dependencies:
      "@smithy/core" "^2.2.7"
      "@smithy/protocol-http" "^4.0.4"
      "@smithy/signature-v4" "^4.0.0"
      "@smithy/smithy-client" "^3.1.8"
      "@smithy/types" "^3.3.0"
      fast-xml-parser "4.2.5"
      tslib "^2.6.2"
  
  "@aws-sdk/credential-provider-cognito-identity@3.616.0":
    version "3.616.0"
    resolved "https://registry.npmjs.org/@aws-sdk/credential-provider-cognito-identity/-/credential-provider-cognito-identity-3.616.0.tgz"
    integrity sha512-bcsf36gdGY2SpvTmoxd7t2235q+Rjg6xnTeCiKs9YuzbNezZ4FosqSORs7/vu2CvyaXWwV28909Q1boZ76v4TA==
    dependencies:
      "@aws-sdk/client-cognito-identity" "3.616.0"
      "@aws-sdk/types" "3.609.0"
      "@smithy/property-provider" "^3.1.3"
      "@smithy/types" "^3.3.0"
      tslib "^2.6.2"
  
  "@aws-sdk/credential-provider-env@3.609.0":
    version "3.609.0"
    resolved "https://registry.npmjs.org/@aws-sdk/credential-provider-env/-/credential-provider-env-3.609.0.tgz"
    integrity sha512-v69ZCWcec2iuV9vLVJMa6fAb5xwkzN4jYIT8yjo2c4Ia/j976Q+TPf35Pnz5My48Xr94EFcaBazrWedF+kwfuQ==
    dependencies:
      "@aws-sdk/types" "3.609.0"
      "@smithy/property-provider" "^3.1.3"
      "@smithy/types" "^3.3.0"
      tslib "^2.6.2"
  
  "@aws-sdk/credential-provider-http@3.616.0":
    version "3.616.0"
    resolved "https://registry.npmjs.org/@aws-sdk/credential-provider-http/-/credential-provider-http-3.616.0.tgz"
    integrity sha512-1rgCkr7XvEMBl7qWCo5BKu3yAxJs71dRaZ55Xnjte/0ZHH6Oc93ZrHzyYy6UH6t0nZrH+FAuw7Yko2YtDDwDeg==
    dependencies:
      "@aws-sdk/types" "3.609.0"
      "@smithy/fetch-http-handler" "^3.2.2"
      "@smithy/node-http-handler" "^3.1.3"
      "@smithy/property-provider" "^3.1.3"
      "@smithy/protocol-http" "^4.0.4"
      "@smithy/smithy-client" "^3.1.8"
      "@smithy/types" "^3.3.0"
      "@smithy/util-stream" "^3.1.0"
      tslib "^2.6.2"
  
  "@aws-sdk/credential-provider-ini@3.616.0":
    version "3.616.0"
    resolved "https://registry.npmjs.org/@aws-sdk/credential-provider-ini/-/credential-provider-ini-3.616.0.tgz"
    integrity sha512-5gQdMr9cca3xV7FF2SxpxWGH2t6+t4o+XBGiwsHm8muEjf4nUmw7Ij863x25Tjt2viPYV0UStczSb5Sihp7bkA==
    dependencies:
      "@aws-sdk/credential-provider-env" "3.609.0"
      "@aws-sdk/credential-provider-http" "3.616.0"
      "@aws-sdk/credential-provider-process" "3.614.0"
      "@aws-sdk/credential-provider-sso" "3.616.0"
      "@aws-sdk/credential-provider-web-identity" "3.609.0"
      "@aws-sdk/types" "3.609.0"
      "@smithy/credential-provider-imds" "^3.1.4"
      "@smithy/property-provider" "^3.1.3"
      "@smithy/shared-ini-file-loader" "^3.1.4"
      "@smithy/types" "^3.3.0"
      tslib "^2.6.2"
  
  "@aws-sdk/credential-provider-node@3.616.0":
    version "3.616.0"
    resolved "https://registry.npmjs.org/@aws-sdk/credential-provider-node/-/credential-provider-node-3.616.0.tgz"
    integrity sha512-Se+u6DAxjDPjKE3vX1X2uxjkWgGq69BTo0uTB0vDUiWwBVgh16s9BsBhSAlKEH1CCbbJHvOg4YdTrzjwzqyClg==
    dependencies:
      "@aws-sdk/credential-provider-env" "3.609.0"
      "@aws-sdk/credential-provider-http" "3.616.0"
      "@aws-sdk/credential-provider-ini" "3.616.0"
      "@aws-sdk/credential-provider-process" "3.614.0"
      "@aws-sdk/credential-provider-sso" "3.616.0"
      "@aws-sdk/credential-provider-web-identity" "3.609.0"
      "@aws-sdk/types" "3.609.0"
      "@smithy/credential-provider-imds" "^3.1.4"
      "@smithy/property-provider" "^3.1.3"
      "@smithy/shared-ini-file-loader" "^3.1.4"
      "@smithy/types" "^3.3.0"
      tslib "^2.6.2"
  
  "@aws-sdk/credential-provider-process@3.614.0":
    version "3.614.0"
    resolved "https://registry.npmjs.org/@aws-sdk/credential-provider-process/-/credential-provider-process-3.614.0.tgz"
    integrity sha512-Q0SI0sTRwi8iNODLs5+bbv8vgz8Qy2QdxbCHnPk/6Cx6LMf7i3dqmWquFbspqFRd8QiqxStrblwxrUYZi09tkA==
    dependencies:
      "@aws-sdk/types" "3.609.0"
      "@smithy/property-provider" "^3.1.3"
      "@smithy/shared-ini-file-loader" "^3.1.4"
      "@smithy/types" "^3.3.0"
      tslib "^2.6.2"
  
  "@aws-sdk/credential-provider-sso@3.616.0":
    version "3.616.0"
    resolved "https://registry.npmjs.org/@aws-sdk/credential-provider-sso/-/credential-provider-sso-3.616.0.tgz"
    integrity sha512-3rsWs9GBi8Z8Gps5ROwqguxtw+J6OIg1vawZMLRNMqqZoBvbOToe9wEnpid8ylU+27+oG8uibJNlNuRyXApUjw==
    dependencies:
      "@aws-sdk/client-sso" "3.616.0"
      "@aws-sdk/token-providers" "3.614.0"
      "@aws-sdk/types" "3.609.0"
      "@smithy/property-provider" "^3.1.3"
      "@smithy/shared-ini-file-loader" "^3.1.4"
      "@smithy/types" "^3.3.0"
      tslib "^2.6.2"
  
  "@aws-sdk/credential-provider-web-identity@3.609.0":
    version "3.609.0"
    resolved "https://registry.npmjs.org/@aws-sdk/credential-provider-web-identity/-/credential-provider-web-identity-3.609.0.tgz"
    integrity sha512-U+PG8NhlYYF45zbr1km3ROtBMYqyyj/oK8NRp++UHHeuavgrP+4wJ4wQnlEaKvJBjevfo3+dlIBcaeQ7NYejWg==
    dependencies:
      "@aws-sdk/types" "3.609.0"
      "@smithy/property-provider" "^3.1.3"
      "@smithy/types" "^3.3.0"
      tslib "^2.6.2"
  
  "@aws-sdk/credential-providers@^3.186.0":
    version "3.616.0"
    resolved "https://registry.npmjs.org/@aws-sdk/credential-providers/-/credential-providers-3.616.0.tgz"
    integrity sha512-uyscpYV21lr24FNFu8ZkIKzOCD/xoysRci9HmShtKBY/FixwZRlLv7aUpqH7xcLd7sgsQwa2UD/7s9PKj/DXSg==
    dependencies:
      "@aws-sdk/client-cognito-identity" "3.616.0"
      "@aws-sdk/client-sso" "3.616.0"
      "@aws-sdk/client-sts" "3.616.0"
      "@aws-sdk/credential-provider-cognito-identity" "3.616.0"
      "@aws-sdk/credential-provider-env" "3.609.0"
      "@aws-sdk/credential-provider-http" "3.616.0"
      "@aws-sdk/credential-provider-ini" "3.616.0"
      "@aws-sdk/credential-provider-node" "3.616.0"
      "@aws-sdk/credential-provider-process" "3.614.0"
      "@aws-sdk/credential-provider-sso" "3.616.0"
      "@aws-sdk/credential-provider-web-identity" "3.609.0"
      "@aws-sdk/types" "3.609.0"
      "@smithy/credential-provider-imds" "^3.1.4"
      "@smithy/property-provider" "^3.1.3"
      "@smithy/types" "^3.3.0"
      tslib "^2.6.2"
  
  "@aws-sdk/middleware-host-header@3.616.0":
    version "3.616.0"
    resolved "https://registry.npmjs.org/@aws-sdk/middleware-host-header/-/middleware-host-header-3.616.0.tgz"
    integrity sha512-mhNfHuGhCDZwYCABebaOvTgOM44UCZZRq2cBpgPZLVKP0ydAv5aFHXv01goexxXHqgHoEGx0uXWxlw0s2EpFDg==
    dependencies:
      "@aws-sdk/types" "3.609.0"
      "@smithy/protocol-http" "^4.0.4"
      "@smithy/types" "^3.3.0"
      tslib "^2.6.2"
  
  "@aws-sdk/middleware-logger@3.609.0":
    version "3.609.0"
    resolved "https://registry.npmjs.org/@aws-sdk/middleware-logger/-/middleware-logger-3.609.0.tgz"
    integrity sha512-S62U2dy4jMDhDFDK5gZ4VxFdWzCtLzwbYyFZx2uvPYTECkepLUfzLic2BHg2Qvtu4QjX+oGE3P/7fwaGIsGNuQ==
    dependencies:
      "@aws-sdk/types" "3.609.0"
      "@smithy/types" "^3.3.0"
      tslib "^2.6.2"
  
  "@aws-sdk/middleware-recursion-detection@3.616.0":
    version "3.616.0"
    resolved "https://registry.npmjs.org/@aws-sdk/middleware-recursion-detection/-/middleware-recursion-detection-3.616.0.tgz"
    integrity sha512-LQKAcrZRrR9EGez4fdCIVjdn0Ot2HMN12ChnoMGEU6oIxnQ2aSC7iASFFCV39IYfeMh7iSCPj7Wopqw8rAouzg==
    dependencies:
      "@aws-sdk/types" "3.609.0"
      "@smithy/protocol-http" "^4.0.4"
      "@smithy/types" "^3.3.0"
      tslib "^2.6.2"
  
  "@aws-sdk/middleware-user-agent@3.616.0":
    version "3.616.0"
    resolved "https://registry.npmjs.org/@aws-sdk/middleware-user-agent/-/middleware-user-agent-3.616.0.tgz"
    integrity sha512-iMcAb4E+Z3vuEcrDsG6T2OBNiqWAquwahP9qepHqfmnmJqHr1mSHtXDYTGBNid31+621sUQmneUQ+fagpGAe4w==
    dependencies:
      "@aws-sdk/types" "3.609.0"
      "@aws-sdk/util-endpoints" "3.614.0"
      "@smithy/protocol-http" "^4.0.4"
      "@smithy/types" "^3.3.0"
      tslib "^2.6.2"
  
  "@aws-sdk/region-config-resolver@3.614.0":
    version "3.614.0"
    resolved "https://registry.npmjs.org/@aws-sdk/region-config-resolver/-/region-config-resolver-3.614.0.tgz"
    integrity sha512-vDCeMXvic/LU0KFIUjpC3RiSTIkkvESsEfbVHiHH0YINfl8HnEqR5rj+L8+phsCeVg2+LmYwYxd5NRz4PHxt5g==
    dependencies:
      "@aws-sdk/types" "3.609.0"
      "@smithy/node-config-provider" "^3.1.4"
      "@smithy/types" "^3.3.0"
      "@smithy/util-config-provider" "^3.0.0"
      "@smithy/util-middleware" "^3.0.3"
      tslib "^2.6.2"
  
  "@aws-sdk/token-providers@3.614.0":
    version "3.614.0"
    resolved "https://registry.npmjs.org/@aws-sdk/token-providers/-/token-providers-3.614.0.tgz"
    integrity sha512-okItqyY6L9IHdxqs+Z116y5/nda7rHxLvROxtAJdLavWTYDydxrZstImNgGWTeVdmc0xX2gJCI77UYUTQWnhRw==
    dependencies:
      "@aws-sdk/types" "3.609.0"
      "@smithy/property-provider" "^3.1.3"
      "@smithy/shared-ini-file-loader" "^3.1.4"
      "@smithy/types" "^3.3.0"
      tslib "^2.6.2"
  
  "@aws-sdk/types@3.609.0", "@aws-sdk/types@^3.222.0":
    version "3.609.0"
    resolved "https://registry.npmjs.org/@aws-sdk/types/-/types-3.609.0.tgz"
    integrity sha512-+Tqnh9w0h2LcrUsdXyT1F8mNhXz+tVYBtP19LpeEGntmvHwa2XzvLUCWpoIAIVsHp5+HdB2X9Sn0KAtmbFXc2Q==
    dependencies:
      "@smithy/types" "^3.3.0"
      tslib "^2.6.2"
  
  "@aws-sdk/util-endpoints@3.614.0":
    version "3.614.0"
    resolved "https://registry.npmjs.org/@aws-sdk/util-endpoints/-/util-endpoints-3.614.0.tgz"
    integrity sha512-wK2cdrXHH4oz4IomV/yrGkftU9A+ITB6nFL+rxxyO78is2ifHJpFdV4aqk4LSkXYPi6CXWNru/Dqc7yiKXgJPw==
    dependencies:
      "@aws-sdk/types" "3.609.0"
      "@smithy/types" "^3.3.0"
      "@smithy/util-endpoints" "^2.0.5"
      tslib "^2.6.2"
  
  "@aws-sdk/util-locate-window@^3.0.0":
    version "3.568.0"
    resolved "https://registry.npmjs.org/@aws-sdk/util-locate-window/-/util-locate-window-3.568.0.tgz"
    integrity sha512-3nh4TINkXYr+H41QaPelCceEB2FXP3fxp93YZXB/kqJvX0U9j0N0Uk45gvsjmEPzG8XxkPEeLIfT2I1M7A6Lig==
    dependencies:
      tslib "^2.6.2"
  
  "@aws-sdk/util-user-agent-browser@3.609.0":
    version "3.609.0"
    resolved "https://registry.npmjs.org/@aws-sdk/util-user-agent-browser/-/util-user-agent-browser-3.609.0.tgz"
    integrity sha512-fojPU+mNahzQ0YHYBsx0ZIhmMA96H+ZIZ665ObU9tl+SGdbLneVZVikGve+NmHTQwHzwkFsZYYnVKAkreJLAtA==
    dependencies:
      "@aws-sdk/types" "3.609.0"
      "@smithy/types" "^3.3.0"
      bowser "^2.11.0"
      tslib "^2.6.2"
  
  "@aws-sdk/util-user-agent-node@3.614.0":
    version "3.614.0"
    resolved "https://registry.npmjs.org/@aws-sdk/util-user-agent-node/-/util-user-agent-node-3.614.0.tgz"
    integrity sha512-15ElZT88peoHnq5TEoEtZwoXTXRxNrk60TZNdpl/TUBJ5oNJ9Dqb5Z4ryb8ofN6nm9aFf59GVAerFDz8iUoHBA==
    dependencies:
      "@aws-sdk/types" "3.609.0"
      "@smithy/node-config-provider" "^3.1.4"
      "@smithy/types" "^3.3.0"
      tslib "^2.6.2"
  
  "@babel/runtime@^7.17.9":
    version "7.24.8"
    resolved "https://registry.npmjs.org/@babel/runtime/-/runtime-7.24.8.tgz"
    integrity sha512-5F7SDGs1T72ZczbRwbGO9lQi0NLjQxzl6i4lJxLxfW9U5UluCSyEJeniWvnhl3/euNiqQVbo8zruhsDfid0esA==
    dependencies:
      regenerator-runtime "^0.14.0"
  
  "@hcaptcha/loader@^1.2.1":
    version "1.2.4"
    resolved "https://registry.npmjs.org/@hcaptcha/loader/-/loader-1.2.4.tgz"
    integrity sha512-3MNrIy/nWBfyVVvMPBKdKrX7BeadgiimW0AL/a/8TohNtJqxoySKgTJEXOQvYwlHemQpUzFrIsK74ody7JiMYw==
  
  "@hcaptcha/react-hcaptcha@^1.10.1":
    version "1.10.1"
    resolved "https://registry.npmjs.org/@hcaptcha/react-hcaptcha/-/react-hcaptcha-1.10.1.tgz"
    integrity sha512-P0en4gEZAecah7Pt3WIaJO2gFlaLZKkI0+Tfdg8fNqsDxqT9VytZWSkH4WAkiPRULK1QcGgUZK+J56MXYmPifw==
    dependencies:
      "@babel/runtime" "^7.17.9"
      "@hcaptcha/loader" "^1.2.1"
  
  "@mongodb-js/saslprep@^1.1.0":
    version "1.1.8"
    resolved "https://registry.npmjs.org/@mongodb-js/saslprep/-/saslprep-1.1.8.tgz"
    integrity sha512-qKwC/M/nNNaKUBMQ0nuzm47b7ZYWQHN3pcXq4IIcoSBc2hOIrflAxJduIvvqmhoz3gR2TacTAs8vlsCVPkiEdQ==
    dependencies:
      sparse-bitfield "^3.0.3"
  
  "@smithy/abort-controller@^3.1.1":
    version "3.1.1"
    resolved "https://registry.npmjs.org/@smithy/abort-controller/-/abort-controller-3.1.1.tgz"
    integrity sha512-MBJBiidoe+0cTFhyxT8g+9g7CeVccLM0IOKKUMCNQ1CNMJ/eIfoo0RTfVrXOONEI1UCN1W+zkiHSbzUNE9dZtQ==
    dependencies:
      "@smithy/types" "^3.3.0"
      tslib "^2.6.2"
  
  "@smithy/config-resolver@^3.0.5":
    version "3.0.5"
    resolved "https://registry.npmjs.org/@smithy/config-resolver/-/config-resolver-3.0.5.tgz"
    integrity sha512-SkW5LxfkSI1bUC74OtfBbdz+grQXYiPYolyu8VfpLIjEoN/sHVBlLeGXMQ1vX4ejkgfv6sxVbQJ32yF2cl1veA==
    dependencies:
      "@smithy/node-config-provider" "^3.1.4"
      "@smithy/types" "^3.3.0"
      "@smithy/util-config-provider" "^3.0.0"
      "@smithy/util-middleware" "^3.0.3"
      tslib "^2.6.2"
  
  "@smithy/core@^2.2.7":
    version "2.2.8"
    resolved "https://registry.npmjs.org/@smithy/core/-/core-2.2.8.tgz"
    integrity sha512-1Y0XX0Ucyg0LWTfTVLWpmvSRtFRniykUl3dQ0os1sTd03mKDudR6mVyX+2ak1phwPXx2aEWMAAdW52JNi0mc3A==
    dependencies:
      "@smithy/middleware-endpoint" "^3.0.5"
      "@smithy/middleware-retry" "^3.0.11"
      "@smithy/middleware-serde" "^3.0.3"
      "@smithy/protocol-http" "^4.0.4"
      "@smithy/smithy-client" "^3.1.9"
      "@smithy/types" "^3.3.0"
      "@smithy/util-middleware" "^3.0.3"
      tslib "^2.6.2"
  
  "@smithy/credential-provider-imds@^3.1.4":
    version "3.1.4"
    resolved "https://registry.npmjs.org/@smithy/credential-provider-imds/-/credential-provider-imds-3.1.4.tgz"
    integrity sha512-NKyH01m97Xa5xf3pB2QOF3lnuE8RIK0hTVNU5zvZAwZU8uspYO4DHQVlK+Y5gwSrujTfHvbfd1D9UFJAc0iYKQ==
    dependencies:
      "@smithy/node-config-provider" "^3.1.4"
      "@smithy/property-provider" "^3.1.3"
      "@smithy/types" "^3.3.0"
      "@smithy/url-parser" "^3.0.3"
      tslib "^2.6.2"
  
  "@smithy/fetch-http-handler@^3.2.2":
    version "3.2.2"
    resolved "https://registry.npmjs.org/@smithy/fetch-http-handler/-/fetch-http-handler-3.2.2.tgz"
    integrity sha512-3LaWlBZObyGrOOd7e5MlacnAKEwFBmAeiW/TOj2eR9475Vnq30uS2510+tnKbxrGjROfNdOhQqGo5j3sqLT6bA==
    dependencies:
      "@smithy/protocol-http" "^4.0.4"
      "@smithy/querystring-builder" "^3.0.3"
      "@smithy/types" "^3.3.0"
      "@smithy/util-base64" "^3.0.0"
      tslib "^2.6.2"
  
  "@smithy/hash-node@^3.0.3":
    version "3.0.3"
    resolved "https://registry.npmjs.org/@smithy/hash-node/-/hash-node-3.0.3.tgz"
    integrity sha512-2ctBXpPMG+B3BtWSGNnKELJ7SH9e4TNefJS0cd2eSkOOROeBnnVBnAy9LtJ8tY4vUEoe55N4CNPxzbWvR39iBw==
    dependencies:
      "@smithy/types" "^3.3.0"
      "@smithy/util-buffer-from" "^3.0.0"
      "@smithy/util-utf8" "^3.0.0"
      tslib "^2.6.2"
  
  "@smithy/invalid-dependency@^3.0.3":
    version "3.0.3"
    resolved "https://registry.npmjs.org/@smithy/invalid-dependency/-/invalid-dependency-3.0.3.tgz"
    integrity sha512-ID1eL/zpDULmHJbflb864k72/SNOZCADRc9i7Exq3RUNJw6raWUSlFEQ+3PX3EYs++bTxZB2dE9mEHTQLv61tw==
    dependencies:
      "@smithy/types" "^3.3.0"
      tslib "^2.6.2"
  
  "@smithy/is-array-buffer@^2.2.0":
    version "2.2.0"
    resolved "https://registry.npmjs.org/@smithy/is-array-buffer/-/is-array-buffer-2.2.0.tgz"
    integrity sha512-GGP3O9QFD24uGeAXYUjwSTXARoqpZykHadOmA8G5vfJPK0/DC67qa//0qvqrJzL1xc8WQWX7/yc7fwudjPHPhA==
    dependencies:
      tslib "^2.6.2"
  
  "@smithy/is-array-buffer@^3.0.0":
    version "3.0.0"
    resolved "https://registry.npmjs.org/@smithy/is-array-buffer/-/is-array-buffer-3.0.0.tgz"
    integrity sha512-+Fsu6Q6C4RSJiy81Y8eApjEB5gVtM+oFKTffg+jSuwtvomJJrhUJBu2zS8wjXSgH/g1MKEWrzyChTBe6clb5FQ==
    dependencies:
      tslib "^2.6.2"
  
  "@smithy/middleware-content-length@^3.0.4":
    version "3.0.4"
    resolved "https://registry.npmjs.org/@smithy/middleware-content-length/-/middleware-content-length-3.0.4.tgz"
    integrity sha512-wySGje/KfhsnF8YSh9hP16pZcl3C+X6zRsvSfItQGvCyte92LliilU3SD0nR7kTlxnAJwxY8vE/k4Eoezj847Q==
    dependencies:
      "@smithy/protocol-http" "^4.0.4"
      "@smithy/types" "^3.3.0"
      tslib "^2.6.2"
  
  "@smithy/middleware-endpoint@^3.0.5":
    version "3.0.5"
    resolved "https://registry.npmjs.org/@smithy/middleware-endpoint/-/middleware-endpoint-3.0.5.tgz"
    integrity sha512-V4acqqrh5tDxUEGVTOgf2lYMZqPQsoGntCrjrJZEeBzEzDry2d2vcI1QCXhGltXPPY+BMc6eksZMguA9fIY8vA==
    dependencies:
      "@smithy/middleware-serde" "^3.0.3"
      "@smithy/node-config-provider" "^3.1.4"
      "@smithy/shared-ini-file-loader" "^3.1.4"
      "@smithy/types" "^3.3.0"
      "@smithy/url-parser" "^3.0.3"
      "@smithy/util-middleware" "^3.0.3"
      tslib "^2.6.2"
  
  "@smithy/middleware-retry@^3.0.10", "@smithy/middleware-retry@^3.0.11":
    version "3.0.11"
    resolved "https://registry.npmjs.org/@smithy/middleware-retry/-/middleware-retry-3.0.11.tgz"
    integrity sha512-/TIRWmhwMpv99JCGuMhJPnH7ggk/Lah7s/uNDyr7faF02BxNsyD/fz9Tw7pgCf9tYOKgjimm2Qml1Aq1pbkt6g==
    dependencies:
      "@smithy/node-config-provider" "^3.1.4"
      "@smithy/protocol-http" "^4.0.4"
      "@smithy/service-error-classification" "^3.0.3"
      "@smithy/smithy-client" "^3.1.9"
      "@smithy/types" "^3.3.0"
      "@smithy/util-middleware" "^3.0.3"
      "@smithy/util-retry" "^3.0.3"
      tslib "^2.6.2"
      uuid "^9.0.1"
  
  "@smithy/middleware-serde@^3.0.3":
    version "3.0.3"
    resolved "https://registry.npmjs.org/@smithy/middleware-serde/-/middleware-serde-3.0.3.tgz"
    integrity sha512-puUbyJQBcg9eSErFXjKNiGILJGtiqmuuNKEYNYfUD57fUl4i9+mfmThtQhvFXU0hCVG0iEJhvQUipUf+/SsFdA==
    dependencies:
      "@smithy/types" "^3.3.0"
      tslib "^2.6.2"
  
  "@smithy/middleware-stack@^3.0.3":
    version "3.0.3"
    resolved "https://registry.npmjs.org/@smithy/middleware-stack/-/middleware-stack-3.0.3.tgz"
    integrity sha512-r4klY9nFudB0r9UdSMaGSyjyQK5adUyPnQN/ZM6M75phTxOdnc/AhpvGD1fQUvgmqjQEBGCwpnPbDm8pH5PapA==
    dependencies:
      "@smithy/types" "^3.3.0"
      tslib "^2.6.2"
  
  "@smithy/node-config-provider@^3.1.4":
    version "3.1.4"
    resolved "https://registry.npmjs.org/@smithy/node-config-provider/-/node-config-provider-3.1.4.tgz"
    integrity sha512-YvnElQy8HR4vDcAjoy7Xkx9YT8xZP4cBXcbJSgm/kxmiQu08DwUwj8rkGnyoJTpfl/3xYHH+d8zE+eHqoDCSdQ==
    dependencies:
      "@smithy/property-provider" "^3.1.3"
      "@smithy/shared-ini-file-loader" "^3.1.4"
      "@smithy/types" "^3.3.0"
      tslib "^2.6.2"
  
  "@smithy/node-http-handler@^3.1.3":
    version "3.1.3"
    resolved "https://registry.npmjs.org/@smithy/node-http-handler/-/node-http-handler-3.1.3.tgz"
    integrity sha512-UiKZm8KHb/JeOPzHZtRUfyaRDO1KPKPpsd7iplhiwVGOeVdkiVJ5bVe7+NhWREMOKomrDIDdSZyglvMothLg0Q==
    dependencies:
      "@smithy/abort-controller" "^3.1.1"
      "@smithy/protocol-http" "^4.0.4"
      "@smithy/querystring-builder" "^3.0.3"
      "@smithy/types" "^3.3.0"
      tslib "^2.6.2"
  
  "@smithy/property-provider@^3.1.3":
    version "3.1.3"
    resolved "https://registry.npmjs.org/@smithy/property-provider/-/property-provider-3.1.3.tgz"
    integrity sha512-zahyOVR9Q4PEoguJ/NrFP4O7SMAfYO1HLhB18M+q+Z4KFd4V2obiMnlVoUFzFLSPeVt1POyNWneHHrZaTMoc/g==
    dependencies:
      "@smithy/types" "^3.3.0"
      tslib "^2.6.2"
  
  "@smithy/protocol-http@^4.0.4":
    version "4.0.4"
    resolved "https://registry.npmjs.org/@smithy/protocol-http/-/protocol-http-4.0.4.tgz"
    integrity sha512-fAA2O4EFyNRyYdFLVIv5xMMeRb+3fRKc/Rt2flh5k831vLvUmNFXcydeg7V3UeEhGURJI4c1asmGJBjvmF6j8Q==
    dependencies:
      "@smithy/types" "^3.3.0"
      tslib "^2.6.2"
  
  "@smithy/querystring-builder@^3.0.3":
    version "3.0.3"
    resolved "https://registry.npmjs.org/@smithy/querystring-builder/-/querystring-builder-3.0.3.tgz"
    integrity sha512-vyWckeUeesFKzCDaRwWLUA1Xym9McaA6XpFfAK5qI9DKJ4M33ooQGqvM4J+LalH4u/Dq9nFiC8U6Qn1qi0+9zw==
    dependencies:
      "@smithy/types" "^3.3.0"
      "@smithy/util-uri-escape" "^3.0.0"
      tslib "^2.6.2"
  
  "@smithy/querystring-parser@^3.0.3":
    version "3.0.3"
    resolved "https://registry.npmjs.org/@smithy/querystring-parser/-/querystring-parser-3.0.3.tgz"
    integrity sha512-zahM1lQv2YjmznnfQsWbYojFe55l0SLG/988brlLv1i8z3dubloLF+75ATRsqPBboUXsW6I9CPGE5rQgLfY0vQ==
    dependencies:
      "@smithy/types" "^3.3.0"
      tslib "^2.6.2"
  
  "@smithy/service-error-classification@^3.0.3":
    version "3.0.3"
    resolved "https://registry.npmjs.org/@smithy/service-error-classification/-/service-error-classification-3.0.3.tgz"
    integrity sha512-Jn39sSl8cim/VlkLsUhRFq/dKDnRUFlfRkvhOJaUbLBXUsLRLNf9WaxDv/z9BjuQ3A6k/qE8af1lsqcwm7+DaQ==
    dependencies:
      "@smithy/types" "^3.3.0"
  
  "@smithy/shared-ini-file-loader@^3.1.4":
    version "3.1.4"
    resolved "https://registry.npmjs.org/@smithy/shared-ini-file-loader/-/shared-ini-file-loader-3.1.4.tgz"
    integrity sha512-qMxS4hBGB8FY2GQqshcRUy1K6k8aBWP5vwm8qKkCT3A9K2dawUwOIJfqh9Yste/Bl0J2lzosVyrXDj68kLcHXQ==
    dependencies:
      "@smithy/types" "^3.3.0"
      tslib "^2.6.2"
  
  "@smithy/signature-v4@^4.0.0":
    version "4.0.0"
    resolved "https://registry.npmjs.org/@smithy/signature-v4/-/signature-v4-4.0.0.tgz"
    integrity sha512-ervYjQ+ZvmNG51Ui77IOTPri7nOyo8Kembzt9uwwlmtXJPmFXvslOahbA1blvAVs7G0KlYMiOBog1rAt7RVXxg==
    dependencies:
      "@smithy/is-array-buffer" "^3.0.0"
      "@smithy/types" "^3.3.0"
      "@smithy/util-hex-encoding" "^3.0.0"
      "@smithy/util-middleware" "^3.0.3"
      "@smithy/util-uri-escape" "^3.0.0"
      "@smithy/util-utf8" "^3.0.0"
      tslib "^2.6.2"
  
  "@smithy/smithy-client@^3.1.8", "@smithy/smithy-client@^3.1.9":
    version "3.1.9"
    resolved "https://registry.npmjs.org/@smithy/smithy-client/-/smithy-client-3.1.9.tgz"
    integrity sha512-My2RaInZ4gSwJUPMaiLR/Nk82+c4LlvqpXA+n7lonGYgCZq23Tg+/xFhgmiejJ6XPElYJysTPyV90vKyp17+1g==
    dependencies:
      "@smithy/middleware-endpoint" "^3.0.5"
      "@smithy/middleware-stack" "^3.0.3"
      "@smithy/protocol-http" "^4.0.4"
      "@smithy/types" "^3.3.0"
      "@smithy/util-stream" "^3.1.1"
      tslib "^2.6.2"
  
  "@smithy/types@^3.3.0":
    version "3.3.0"
    resolved "https://registry.npmjs.org/@smithy/types/-/types-3.3.0.tgz"
    integrity sha512-IxvBBCTFDHbVoK7zIxqA1ZOdc4QfM5HM7rGleCuHi7L1wnKv5Pn69xXJQ9hgxH60ZVygH9/JG0jRgtUncE3QUA==
    dependencies:
      tslib "^2.6.2"
  
  "@smithy/url-parser@^3.0.3":
    version "3.0.3"
    resolved "https://registry.npmjs.org/@smithy/url-parser/-/url-parser-3.0.3.tgz"
    integrity sha512-pw3VtZtX2rg+s6HMs6/+u9+hu6oY6U7IohGhVNnjbgKy86wcIsSZwgHrFR+t67Uyxvp4Xz3p3kGXXIpTNisq8A==
    dependencies:
      "@smithy/querystring-parser" "^3.0.3"
      "@smithy/types" "^3.3.0"
      tslib "^2.6.2"
  
  "@smithy/util-base64@^3.0.0":
    version "3.0.0"
    resolved "https://registry.npmjs.org/@smithy/util-base64/-/util-base64-3.0.0.tgz"
    integrity sha512-Kxvoh5Qtt0CDsfajiZOCpJxgtPHXOKwmM+Zy4waD43UoEMA+qPxxa98aE/7ZhdnBFZFXMOiBR5xbcaMhLtznQQ==
    dependencies:
      "@smithy/util-buffer-from" "^3.0.0"
      "@smithy/util-utf8" "^3.0.0"
      tslib "^2.6.2"
  
  "@smithy/util-body-length-browser@^3.0.0":
    version "3.0.0"
    resolved "https://registry.npmjs.org/@smithy/util-body-length-browser/-/util-body-length-browser-3.0.0.tgz"
    integrity sha512-cbjJs2A1mLYmqmyVl80uoLTJhAcfzMOyPgjwAYusWKMdLeNtzmMz9YxNl3/jRLoxSS3wkqkf0jwNdtXWtyEBaQ==
    dependencies:
      tslib "^2.6.2"
  
  "@smithy/util-body-length-node@^3.0.0":
    version "3.0.0"
    resolved "https://registry.npmjs.org/@smithy/util-body-length-node/-/util-body-length-node-3.0.0.tgz"
    integrity sha512-Tj7pZ4bUloNUP6PzwhN7K386tmSmEET9QtQg0TgdNOnxhZvCssHji+oZTUIuzxECRfG8rdm2PMw2WCFs6eIYkA==
    dependencies:
      tslib "^2.6.2"
  
  "@smithy/util-buffer-from@^2.2.0":
    version "2.2.0"
    resolved "https://registry.npmjs.org/@smithy/util-buffer-from/-/util-buffer-from-2.2.0.tgz"
    integrity sha512-IJdWBbTcMQ6DA0gdNhh/BwrLkDR+ADW5Kr1aZmd4k3DIF6ezMV4R2NIAmT08wQJ3yUK82thHWmC/TnK/wpMMIA==
    dependencies:
      "@smithy/is-array-buffer" "^2.2.0"
      tslib "^2.6.2"
  
  "@smithy/util-buffer-from@^3.0.0":
    version "3.0.0"
    resolved "https://registry.npmjs.org/@smithy/util-buffer-from/-/util-buffer-from-3.0.0.tgz"
    integrity sha512-aEOHCgq5RWFbP+UDPvPot26EJHjOC+bRgse5A8V3FSShqd5E5UN4qc7zkwsvJPPAVsf73QwYcHN1/gt/rtLwQA==
    dependencies:
      "@smithy/is-array-buffer" "^3.0.0"
      tslib "^2.6.2"
  
  "@smithy/util-config-provider@^3.0.0":
    version "3.0.0"
    resolved "https://registry.npmjs.org/@smithy/util-config-provider/-/util-config-provider-3.0.0.tgz"
    integrity sha512-pbjk4s0fwq3Di/ANL+rCvJMKM5bzAQdE5S/6RL5NXgMExFAi6UgQMPOm5yPaIWPpr+EOXKXRonJ3FoxKf4mCJQ==
    dependencies:
      tslib "^2.6.2"
  
  "@smithy/util-defaults-mode-browser@^3.0.10":
    version "3.0.11"
    resolved "https://registry.npmjs.org/@smithy/util-defaults-mode-browser/-/util-defaults-mode-browser-3.0.11.tgz"
    integrity sha512-O3s9DGb3bmRvEKmT8RwvSWK4A9r6svfd+MnJB+UMi9ZcCkAnoRtliulOnGF0qCMkKF9mwk2tkopBBstalPY/vg==
    dependencies:
      "@smithy/property-provider" "^3.1.3"
      "@smithy/smithy-client" "^3.1.9"
      "@smithy/types" "^3.3.0"
      bowser "^2.11.0"
      tslib "^2.6.2"
  
  "@smithy/util-defaults-mode-node@^3.0.10":
    version "3.0.11"
    resolved "https://registry.npmjs.org/@smithy/util-defaults-mode-node/-/util-defaults-mode-node-3.0.11.tgz"
    integrity sha512-qd4a9qtyOa/WY14aHHOkMafhh9z8D2QTwlcBoXMTPnEwtcY+xpe1JyFm9vya7VsB8hHsfn3XodEtwqREiu4ygQ==
    dependencies:
      "@smithy/config-resolver" "^3.0.5"
      "@smithy/credential-provider-imds" "^3.1.4"
      "@smithy/node-config-provider" "^3.1.4"
      "@smithy/property-provider" "^3.1.3"
      "@smithy/smithy-client" "^3.1.9"
      "@smithy/types" "^3.3.0"
      tslib "^2.6.2"
  
  "@smithy/util-endpoints@^2.0.5":
    version "2.0.5"
    resolved "https://registry.npmjs.org/@smithy/util-endpoints/-/util-endpoints-2.0.5.tgz"
    integrity sha512-ReQP0BWihIE68OAblC/WQmDD40Gx+QY1Ez8mTdFMXpmjfxSyz2fVQu3A4zXRfQU9sZXtewk3GmhfOHswvX+eNg==
    dependencies:
      "@smithy/node-config-provider" "^3.1.4"
      "@smithy/types" "^3.3.0"
      tslib "^2.6.2"
  
  "@smithy/util-hex-encoding@^3.0.0":
    version "3.0.0"
    resolved "https://registry.npmjs.org/@smithy/util-hex-encoding/-/util-hex-encoding-3.0.0.tgz"
    integrity sha512-eFndh1WEK5YMUYvy3lPlVmYY/fZcQE1D8oSf41Id2vCeIkKJXPcYDCZD+4+xViI6b1XSd7tE+s5AmXzz5ilabQ==
    dependencies:
      tslib "^2.6.2"
  
  "@smithy/util-middleware@^3.0.3":
    version "3.0.3"
    resolved "https://registry.npmjs.org/@smithy/util-middleware/-/util-middleware-3.0.3.tgz"
    integrity sha512-l+StyYYK/eO3DlVPbU+4Bi06Jjal+PFLSMmlWM1BEwyLxZ3aKkf1ROnoIakfaA7mC6uw3ny7JBkau4Yc+5zfWw==
    dependencies:
      "@smithy/types" "^3.3.0"
      tslib "^2.6.2"
  
  "@smithy/util-retry@^3.0.3":
    version "3.0.3"
    resolved "https://registry.npmjs.org/@smithy/util-retry/-/util-retry-3.0.3.tgz"
    integrity sha512-AFw+hjpbtVApzpNDhbjNG5NA3kyoMs7vx0gsgmlJF4s+yz1Zlepde7J58zpIRIsdjc+emhpAITxA88qLkPF26w==
    dependencies:
      "@smithy/service-error-classification" "^3.0.3"
      "@smithy/types" "^3.3.0"
      tslib "^2.6.2"
  
  "@smithy/util-stream@^3.1.0", "@smithy/util-stream@^3.1.1":
    version "3.1.1"
    resolved "https://registry.npmjs.org/@smithy/util-stream/-/util-stream-3.1.1.tgz"
    integrity sha512-EhRnVvl3AhoHAT2rGQ5o+oSDRM/BUSMPLZZdRJZLcNVUsFAjOs4vHaPdNQivTSzRcFxf5DA4gtO46WWU2zimaw==
    dependencies:
      "@smithy/fetch-http-handler" "^3.2.2"
      "@smithy/node-http-handler" "^3.1.3"
      "@smithy/types" "^3.3.0"
      "@smithy/util-base64" "^3.0.0"
      "@smithy/util-buffer-from" "^3.0.0"
      "@smithy/util-hex-encoding" "^3.0.0"
      "@smithy/util-utf8" "^3.0.0"
      tslib "^2.6.2"
  
  "@smithy/util-uri-escape@^3.0.0":
    version "3.0.0"
    resolved "https://registry.npmjs.org/@smithy/util-uri-escape/-/util-uri-escape-3.0.0.tgz"
    integrity sha512-LqR7qYLgZTD7nWLBecUi4aqolw8Mhza9ArpNEQ881MJJIU2sE5iHCK6TdyqqzcDLy0OPe10IY4T8ctVdtynubg==
    dependencies:
      tslib "^2.6.2"
  
  "@smithy/util-utf8@^2.0.0":
    version "2.3.0"
    resolved "https://registry.npmjs.org/@smithy/util-utf8/-/util-utf8-2.3.0.tgz"
    integrity sha512-R8Rdn8Hy72KKcebgLiv8jQcQkXoLMOGGv5uI1/k0l+snqkOzQ1R0ChUBCxWMlBsFMekWjq0wRudIweFs7sKT5A==
    dependencies:
      "@smithy/util-buffer-from" "^2.2.0"
      tslib "^2.6.2"
  
  "@smithy/util-utf8@^3.0.0":
    version "3.0.0"
    resolved "https://registry.npmjs.org/@smithy/util-utf8/-/util-utf8-3.0.0.tgz"
    integrity sha512-rUeT12bxFnplYDe815GXbq/oixEGHfRFFtcTF3YdDi/JaENIM6aSYYLJydG83UNzLXeRI5K8abYd/8Sp/QM0kA==
    dependencies:
      "@smithy/util-buffer-from" "^3.0.0"
      tslib "^2.6.2"
  
  "@stripe/react-stripe-js@^2.7.3":
    version "2.7.3"
    resolved "https://registry.npmjs.org/@stripe/react-stripe-js/-/react-stripe-js-2.7.3.tgz"
    integrity sha512-05t6oY7cmAJt7asknmeoI4z4GnutgKRZ7dcdTWCkeYclONzIRMuMTiyjBMQ/q3I2sdNizSl25YZ8G6Lg4nN1aw==
    dependencies:
      prop-types "^15.7.2"
  
  "@stripe/stripe-js@^4.1.0":
    version "4.1.0"
    resolved "https://registry.npmjs.org/@stripe/stripe-js/-/stripe-js-4.1.0.tgz"
    integrity sha512-HhstGRUz/4JdbZpb26OcOf8Qb/cFR02arvHvgz4sPFLSnI6ZNHC53Jc6JP/FGNwxtrF719YyUnK0gGy4oyhucQ==
  
  "@types/node@*", "@types/node@>=8.1.0":
    version "18.7.3"
    resolved "https://registry.npmjs.org/@types/node/-/node-18.7.3.tgz"
    integrity sha512-LJgzOEwWuMTBxHzgBR/fhhBOWrvBjvO+zPteUgbbuQi80rYIZHrk1mNbRUqPZqSLP2H7Rwt1EFLL/tNLD1Xx/w==
  
  "@types/webidl-conversions@*":
    version "7.0.3"
    resolved "https://registry.npmjs.org/@types/webidl-conversions/-/webidl-conversions-7.0.3.tgz"
    integrity sha512-CiJJvcRtIgzadHCYXw7dqEnMNRjhGZlYK05Mj9OyktqV8uVT8fD2BFOB7S1uwBE3Kj2Z+4UyPmFw/Ixgw/LAlA==
  
  "@types/whatwg-url@^8.2.1":
    version "8.2.2"
    resolved "https://registry.npmjs.org/@types/whatwg-url/-/whatwg-url-8.2.2.tgz"
    integrity sha512-FtQu10RWgn3D9U4aazdwIE2yzphmTJREDqNdODHrbrZmmMqI0vMheC/6NE/J1Yveaj8H+ela+YwWTjq5PGmuhA==
    dependencies:
      "@types/node" "*"
      "@types/webidl-conversions" "*"
  
  abbrev@1:
    version "1.1.1"
    resolved "https://registry.npmjs.org/abbrev/-/abbrev-1.1.1.tgz"
    integrity sha512-nne9/IiQ/hzIhY6pdDnbBtz7DjPTKrY00P/zvPSm5pOFkl6xuGrGnXn/VtTNNfNtAfZ9/1RtehkszU9qcTii0Q==
  
  accepts@~1.3.8:
    version "1.3.8"
    resolved "https://registry.npmjs.org/accepts/-/accepts-1.3.8.tgz"
    integrity sha512-PYAthTa2m2VKxuvSD3DPC/Gy+U+sOA1LAuT8mkmRuvw+NACSaeXEQ+NHcVF7rONl6qcaxV3Uuemwawk+7+SJLw==
    dependencies:
      mime-types "~2.1.34"
      negotiator "0.6.3"
  
  anymatch@~3.1.2:
    version "3.1.2"
    resolved "https://registry.npmjs.org/anymatch/-/anymatch-3.1.2.tgz"
    integrity sha512-P43ePfOAIupkguHUycrc4qJ9kz8ZiuOUijaETwX7THt0Y/GNK7v0aa8rY816xWjZ7rJdA5XdMcpVFTKMq+RvWg==
    dependencies:
      normalize-path "^3.0.0"
      picomatch "^2.0.4"
  
  array-flatten@1.1.1:
    version "1.1.1"
    resolved "https://registry.npmjs.org/array-flatten/-/array-flatten-1.1.1.tgz"
    integrity sha512-PCVAQswWemu6UdxsDFFX/+gVeYqKAod3D3UVm91jHwynguOwAvYPhx8nNlM++NqRcK6CxxpUafjmhIdKiHibqg==
  
  balanced-match@^1.0.0:
    version "1.0.2"
    resolved "https://registry.npmjs.org/balanced-match/-/balanced-match-1.0.2.tgz"
    integrity sha512-3oSeUO0TMV67hN1AmbXsK4yaqU7tjiHlbxRDZOpH0KW9+CeX4bRAaX0Anxt0tx2MrpRpWwQaPwIlISEJhYU5Pw==
  
  base64-js@^1.3.1:
    version "1.5.1"
    resolved "https://registry.npmjs.org/base64-js/-/base64-js-1.5.1.tgz"
    integrity sha512-AKpaYlHn8t4SVbOHCy+b5+KKgvR4vrsD8vbvrbiQJps7fKDTkjkDry6ji0rUJjC0kzbNePLwzxq8iypo41qeWA==
  
  base64url@3.x.x:
    version "3.0.1"
    resolved "https://registry.npmjs.org/base64url/-/base64url-3.0.1.tgz"
    integrity sha512-ir1UPr3dkwexU7FdV8qBBbNDRUhMmIekYMFZfi+C/sLNnRESKPl23nB9b2pltqfOQNnGzsDdId90AEtG5tCx4A==
  
  bcryptjs@^2.4.3:
    version "2.4.3"
    resolved "https://registry.npmjs.org/bcryptjs/-/bcryptjs-2.4.3.tgz"
    integrity sha512-V/Hy/X9Vt7f3BbPJEi8BdVFMByHi+jNXrYkW3huaybV/kQ0KJg0Y6PkEMbn+zeT+i+SiKZ/HMqJGIIt4LZDqNQ==
  
  binary-extensions@^2.0.0:
    version "2.2.0"
    resolved "https://registry.npmjs.org/binary-extensions/-/binary-extensions-2.2.0.tgz"
    integrity sha512-jDctJ/IVQbZoJykoeHbhXpOlNBqGNcwXJKJog42E5HDPUwQTSdjCHdihjj0DlnheQ7blbT6dHOafNAiS8ooQKA==
  
  body-parser@1.20.2:
    version "1.20.2"
    resolved "https://registry.npmjs.org/body-parser/-/body-parser-1.20.2.tgz"
    integrity sha512-ml9pReCu3M61kGlqoTm2umSXTlRTuGTx0bfYj+uIUKKYycG5NtSbeetV3faSU6R7ajOPw0g/J1PvK4qNy7s5bA==
    dependencies:
      bytes "3.1.2"
      content-type "~1.0.5"
      debug "2.6.9"
      depd "2.0.0"
      destroy "1.2.0"
      http-errors "2.0.0"
      iconv-lite "0.4.24"
      on-finished "2.4.1"
      qs "6.11.0"
      raw-body "2.5.2"
      type-is "~1.6.18"
      unpipe "1.0.0"
  
  bowser@^2.11.0:
    version "2.11.0"
    resolved "https://registry.npmjs.org/bowser/-/bowser-2.11.0.tgz"
    integrity sha512-AlcaJBi/pqqJBIQ8U9Mcpc9i8Aqxn88Skv5d+xBX006BY5u8N3mGLHa5Lgppa7L/HfwgwLgZ6NYs+Ag6uUmJRA==
  
  brace-expansion@^1.1.7:
    version "1.1.11"
    resolved "https://registry.npmjs.org/brace-expansion/-/brace-expansion-1.1.11.tgz"
    integrity sha512-iCuPHDFgrHX7H2vEI/5xpz07zSHB00TpugqhmYtVmMO6518mCuRMoOYFldEBl0g187ufozdaHgWKcYFb61qGiA==
    dependencies:
      balanced-match "^1.0.0"
      concat-map "0.0.1"
  
  braces@~3.0.2:
    version "3.0.2"
    resolved "https://registry.npmjs.org/braces/-/braces-3.0.2.tgz"
    integrity sha512-b8um+L1RzM3WDSzvhm6gIz1yfTbBt6YTlcEKAvsmqCZZFw46z626lVj9j1yEPW33H5H+lBQpZMP1k8l+78Ha0A==
    dependencies:
      fill-range "^7.0.1"
  
  bson@^4.7.2:
    version "4.7.2"
    resolved "https://registry.npmjs.org/bson/-/bson-4.7.2.tgz"
    integrity sha512-Ry9wCtIZ5kGqkJoi6aD8KjxFZEx78guTQDnpXWiNthsxzrxAK/i8E6pCHAIZTbaEFWcOCvbecMukfK7XUvyLpQ==
    dependencies:
      buffer "^5.6.0"
  
  buffer-equal-constant-time@1.0.1:
    version "1.0.1"
    resolved "https://registry.npmjs.org/buffer-equal-constant-time/-/buffer-equal-constant-time-1.0.1.tgz"
    integrity sha512-zRpUiDwd/xk6ADqPMATG8vc9VPrkck7T07OIx0gnjmJAnHnTVXNQG3vfvWNuiZIkwu9KrKdA1iJKfsfTVxE6NA==
  
  buffer@^5.6.0:
    version "5.7.1"
    resolved "https://registry.npmjs.org/buffer/-/buffer-5.7.1.tgz"
    integrity sha512-EHcyIPBQ4BSGlvjB16k5KgAJ27CIsHY/2JBmCRReo48y9rQ3MaUzWX3KVlBa4U7MyX02HdVj0K7C3WaB3ju7FQ==
    dependencies:
      base64-js "^1.3.1"
      ieee754 "^1.1.13"
  
  bytes@3.1.2:
    version "3.1.2"
    resolved "https://registry.npmjs.org/bytes/-/bytes-3.1.2.tgz"
    integrity sha512-/Nf7TyzTx6S3yRJObOAV7956r8cr2+Oj8AC5dt8wSP3BQAoeX58NoHyCU8P8zGkNXStjTSi6fzO6F0pBdcYbEg==
  
  call-bind@^1.0.7:
    version "1.0.7"
    resolved "https://registry.npmjs.org/call-bind/-/call-bind-1.0.7.tgz"
    integrity sha512-GHTSNSYICQ7scH7sZ+M2rFopRoLh8t2bLSW6BbgrtLsahOIB5iyAVJf9GjWK3cYTDaMj4XdBpM1cA6pIS0Kv2w==
    dependencies:
      es-define-property "^1.0.0"
      es-errors "^1.3.0"
      function-bind "^1.1.2"
      get-intrinsic "^1.2.4"
      set-function-length "^1.2.1"
  
  chokidar@^3.5.2:
    version "3.5.3"
    resolved "https://registry.npmjs.org/chokidar/-/chokidar-3.5.3.tgz"
    integrity sha512-Dr3sfKRP6oTcjf2JmUmFJfeVMvXBdegxB0iVQ5eb2V10uFJUCAS8OByZdVAyVb8xXNz3GjjTgj9kLWsZTqE6kw==
    dependencies:
      anymatch "~3.1.2"
      braces "~3.0.2"
      glob-parent "~5.1.2"
      is-binary-path "~2.1.0"
      is-glob "~4.0.1"
      normalize-path "~3.0.0"
      readdirp "~3.6.0"
    optionalDependencies:
      fsevents "~2.3.2"
  
  concat-map@0.0.1:
    version "0.0.1"
    resolved "https://registry.npmjs.org/concat-map/-/concat-map-0.0.1.tgz"
    integrity sha512-/Srv4dswyQNBfohGpz9o6Yb3Gz3SrUDqBH5rTuhGR7ahtlbYKnVxw2bCFMRljaA7EXHaXZ8wsHdodFvbkhKmqg==
  
  content-disposition@0.5.4:
    version "0.5.4"
    resolved "https://registry.npmjs.org/content-disposition/-/content-disposition-0.5.4.tgz"
    integrity sha512-FveZTNuGw04cxlAiWbzi6zTAL/lhehaWbTtgluJh4/E95DqMwTmha3KZN1aAWA8cFIhHzMZUvLevkw5Rqk+tSQ==
    dependencies:
      safe-buffer "5.2.1"
  
  content-type@~1.0.4, content-type@~1.0.5:
    version "1.0.5"
    resolved "https://registry.npmjs.org/content-type/-/content-type-1.0.5.tgz"
    integrity sha512-nTjqfcBFEipKdXCv4YDQWCfmcLZKm81ldF0pAopTvyrFGVbcR6P/VAAd5G7N+0tTr8QqiU0tFadD6FK4NtJwOA==
  
  cookie-signature@1.0.6:
    version "1.0.6"
    resolved "https://registry.npmjs.org/cookie-signature/-/cookie-signature-1.0.6.tgz"
    integrity sha512-QADzlaHc8icV8I7vbaJXJwod9HWYp8uCqf1xa4OfNu1T7JVxQIrUgOWtHdNDtPiywmFbiS12VjotIXLrKM3orQ==
  
  cookie-signature@1.0.7:
    version "1.0.7"
    resolved "https://registry.npmjs.org/cookie-signature/-/cookie-signature-1.0.7.tgz"
    integrity sha512-NXdYc3dLr47pBkpUCHtKSwIOQXLVn8dZEuywboCOJY/osA0wFSLlSawr3KN8qXJEyX66FcONTH8EIlVuK0yyFA==
  
  cookie@0.6.0:
    version "0.6.0"
    resolved "https://registry.npmjs.org/cookie/-/cookie-0.6.0.tgz"
    integrity sha512-U71cyTamuh1CRNCfpGY6to28lxvNwPG4Guz/EVjgf3Jmzv0vlDp1atT9eS5dDjMYHucpHbWns6Lwf3BKz6svdw==
  
  cors@^2.8.5:
    version "2.8.5"
    resolved "https://registry.npmjs.org/cors/-/cors-2.8.5.tgz"
    integrity sha512-KIHbLJqu73RGr/hnbrO9uBeixNGuvSQjul/jdFvS/KFSIH1hWVd1ng7zOHx+YrEfInLG7q4n6GHQ9cDtxv/P6g==
    dependencies:
      object-assign "^4"
      vary "^1"
  
  debug@2.6.9:
    version "2.6.9"
    resolved "https://registry.npmjs.org/debug/-/debug-2.6.9.tgz"
    integrity sha512-bC7ElrdJaJnPbAP+1EotYvqZsb3ecl5wi6Bfi6BJTUcNowp6cvspg0jXznRTKDjm/E7AdgFBVeAPVMNcKGsHMA==
    dependencies:
      ms "2.0.0"
  
  debug@4.x:
    version "4.3.4"
    resolved "https://registry.npmjs.org/debug/-/debug-4.3.4.tgz"
    integrity sha512-PRWFHuSU3eDtQJPvnNY7Jcket1j0t5OuOsFzPPzsekD52Zl8qUfFIPEiswXqIvHWGVHOgX+7G/vCNNhehwxfkQ==
    dependencies:
      ms "2.1.2"
  
  debug@^3.2.7:
    version "3.2.7"
    resolved "https://registry.npmjs.org/debug/-/debug-3.2.7.tgz"
    integrity sha512-CFjzYYAi4ThfiQvizrFQevTTXHtnCqWfe7x1AhgEscTz6ZbLbfoLRLPugTQyBth6f8ZERVUSyWHFD/7Wu4t1XQ==
    dependencies:
      ms "^2.1.1"
  
  define-data-property@^1.1.4:
    version "1.1.4"
    resolved "https://registry.npmjs.org/define-data-property/-/define-data-property-1.1.4.tgz"
    integrity sha512-rBMvIzlpA8v6E+SJZoo++HAYqsLrkg7MSfIinMPFhmkorw7X+dOXVJQs+QT69zGkzMyfDnIMN2Wid1+NbL3T+A==
    dependencies:
      es-define-property "^1.0.0"
      es-errors "^1.3.0"
      gopd "^1.0.1"
  
  depd@2.0.0, depd@~2.0.0:
    version "2.0.0"
    resolved "https://registry.npmjs.org/depd/-/depd-2.0.0.tgz"
    integrity sha512-g7nH6P6dyDioJogAAGprGpCtVImJhpPk/roCzdb3fIh61/s/nPsfR6onyMwkCAR/OlC3yBC0lESvUoQEAssIrw==
  
  destroy@1.2.0:
    version "1.2.0"
    resolved "https://registry.npmjs.org/destroy/-/destroy-1.2.0.tgz"
    integrity sha512-2sJGJTaXIIaR1w4iJSNoN0hnMY7Gpc/n8D4qSCJw8QqFWXf7cuAgnEHxBpweaVcPevC2l3KpjYCx3NypQQgaJg==
  
  ecdsa-sig-formatter@1.0.11:
    version "1.0.11"
    resolved "https://registry.npmjs.org/ecdsa-sig-formatter/-/ecdsa-sig-formatter-1.0.11.tgz"
    integrity sha512-nagl3RYrbNv6kQkeJIpt6NJZy8twLB/2vtz6yN9Z4vRKHN4/QZJIEbqohALSgwKdnksuY3k5Addp5lg8sVoVcQ==
    dependencies:
      safe-buffer "^5.0.1"
  
  ee-first@1.1.1:
    version "1.1.1"
    resolved "https://registry.npmjs.org/ee-first/-/ee-first-1.1.1.tgz"
    integrity sha512-WMwm9LhRUo+WUaRN+vRuETqG89IgZphVSNkdFgeb6sS/E4OrDIN7t48CAewSHXc6C8lefD8KKfr5vY61brQlow==
  
  encodeurl@~1.0.2:
    version "1.0.2"
    resolved "https://registry.npmjs.org/encodeurl/-/encodeurl-1.0.2.tgz"
    integrity sha512-TPJXq8JqFaVYm2CWmPvnP2Iyo4ZSM7/QKcSmuMLDObfpH5fi7RUGmd/rTDf+rut/saiDiQEeVTNgAmJEdAOx0w==
  
  es-define-property@^1.0.0:
    version "1.0.0"
    resolved "https://registry.npmjs.org/es-define-property/-/es-define-property-1.0.0.tgz"
    integrity sha512-jxayLKShrEqqzJ0eumQbVhTYQM27CfT1T35+gCgDFoL82JLsXqTJ76zv6A0YLOgEnLUMvLzsDsGIrl8NFpT2gQ==
    dependencies:
      get-intrinsic "^1.2.4"
  
  es-errors@^1.3.0:
    version "1.3.0"
    resolved "https://registry.npmjs.org/es-errors/-/es-errors-1.3.0.tgz"
    integrity sha512-Zf5H2Kxt2xjTvbJvP2ZWLEICxA6j+hAmMzIlypy4xcBg1vKVnx89Wy0GbS+kf5cwCVFFzdCFh2XSCFNULS6csw==
  
  escape-html@~1.0.3:
    version "1.0.3"
    resolved "https://registry.npmjs.org/escape-html/-/escape-html-1.0.3.tgz"
    integrity sha512-NiSupZ4OeuGwr68lGIeym/ksIZMJodUGOSCZ/FSnTxcrekbvqrgdUxlJOMpijaKZVjAJrWrGs/6Jy8OMuyj9ow==
  
  etag@~1.8.1:
    version "1.8.1"
    resolved "https://registry.npmjs.org/etag/-/etag-1.8.1.tgz"
    integrity sha512-aIL5Fx7mawVa300al2BnEE4iNvo1qETxLrPI/o05L7z6go7fCw1J6EQmbK4FmJ2AS7kgVF/KEZWufBfdClMcPg==
  
  express-session@^1.18.0:
    version "1.18.0"
    resolved "https://registry.npmjs.org/express-session/-/express-session-1.18.0.tgz"
    integrity sha512-m93QLWr0ju+rOwApSsyso838LQwgfs44QtOP/WBiwtAgPIo/SAh1a5c6nn2BR6mFNZehTpqKDESzP+fRHVbxwQ==
    dependencies:
      cookie "0.6.0"
      cookie-signature "1.0.7"
      debug "2.6.9"
      depd "~2.0.0"
      on-headers "~1.0.2"
      parseurl "~1.3.3"
      safe-buffer "5.2.1"
      uid-safe "~2.1.5"
  
  express@^4.19.2:
    version "4.19.2"
    resolved "https://registry.npmjs.org/express/-/express-4.19.2.tgz"
    integrity sha512-5T6nhjsT+EOMzuck8JjBHARTHfMht0POzlA60WV2pMD3gyXw2LZnZ+ueGdNxG+0calOJcWKbpFcuzLZ91YWq9Q==
    dependencies:
      accepts "~1.3.8"
      array-flatten "1.1.1"
      body-parser "1.20.2"
      content-disposition "0.5.4"
      content-type "~1.0.4"
      cookie "0.6.0"
      cookie-signature "1.0.6"
      debug "2.6.9"
      depd "2.0.0"
      encodeurl "~1.0.2"
      escape-html "~1.0.3"
      etag "~1.8.1"
      finalhandler "1.2.0"
      fresh "0.5.2"
      http-errors "2.0.0"
      merge-descriptors "1.0.1"
      methods "~1.1.2"
      on-finished "2.4.1"
      parseurl "~1.3.3"
      path-to-regexp "0.1.7"
      proxy-addr "~2.0.7"
      qs "6.11.0"
      range-parser "~1.2.1"
      safe-buffer "5.2.1"
      send "0.18.0"
      serve-static "1.15.0"
      setprototypeof "1.2.0"
      statuses "2.0.1"
      type-is "~1.6.18"
      utils-merge "1.0.1"
      vary "~1.1.2"
  
  fast-xml-parser@4.2.5:
    version "4.2.5"
    resolved "https://registry.npmjs.org/fast-xml-parser/-/fast-xml-parser-4.2.5.tgz"
    integrity sha512-B9/wizE4WngqQftFPmdaMYlXoJlJOYxGQOanC77fq9k8+Z0v5dDSVh+3glErdIROP//s/jgb7ZuxKfB8nVyo0g==
    dependencies:
      strnum "^1.0.5"
  
  fill-range@^7.0.1:
    version "7.0.1"
    resolved "https://registry.npmjs.org/fill-range/-/fill-range-7.0.1.tgz"
    integrity sha512-qOo9F+dMUmC2Lcb4BbVvnKJxTPjCm+RRpe4gDuGrzkL7mEVl/djYSu2OdQ2Pa302N4oqkSg9ir6jaLWJ2USVpQ==
    dependencies:
      to-regex-range "^5.0.1"
  
  finalhandler@1.2.0:
    version "1.2.0"
    resolved "https://registry.npmjs.org/finalhandler/-/finalhandler-1.2.0.tgz"
    integrity sha512-5uXcUVftlQMFnWC9qu/svkWv3GTd2PfUhK/3PLkYNAe7FbqJMt3515HaxE6eRL74GdsriiwujiawdaB1BpEISg==
    dependencies:
      debug "2.6.9"
      encodeurl "~1.0.2"
      escape-html "~1.0.3"
      on-finished "2.4.1"
      parseurl "~1.3.3"
      statuses "2.0.1"
      unpipe "~1.0.0"
  
  forwarded@0.2.0:
    version "0.2.0"
    resolved "https://registry.npmjs.org/forwarded/-/forwarded-0.2.0.tgz"
    integrity sha512-buRG0fpBtRHSTCOASe6hD258tEubFoRLb4ZNA6NxMVHNw2gOcwHo9wyablzMzOA5z9xA9L1KNjk/Nt6MT9aYow==
  
  fresh@0.5.2:
    version "0.5.2"
    resolved "https://registry.npmjs.org/fresh/-/fresh-0.5.2.tgz"
    integrity sha512-zJ2mQYM18rEFOudeV4GShTGIQ7RbzA7ozbU9I/XBpm7kqgMywgmylMwXHxZJmkVoYkna9d2pVXVXPdYTP9ej8Q==
  
  fsevents@~2.3.2:
    version "2.3.3"
    resolved "https://registry.yarnpkg.com/fsevents/-/fsevents-2.3.3.tgz#cac6407785d03675a2a5e1a5305c697b347d90d6"
    integrity sha512-5xoDfX+fL7faATnagmWPpbFtwh/R77WmMMqqHGS65C3vvB0YHrgF+B1YmZ3441tMj5n63k0212XNoJwzlhffQw==
  
  function-bind@^1.1.2:
    version "1.1.2"
    resolved "https://registry.npmjs.org/function-bind/-/function-bind-1.1.2.tgz"
    integrity sha512-7XHNxH7qX9xG5mIwxkhumTox/MIRNcOgDrxWsMt2pAr23WHp6MrRlN7FBSFpCpr+oVO0F744iUgR82nJMfG2SA==
  
  get-intrinsic@^1.1.3, get-intrinsic@^1.2.4:
    version "1.2.4"
    resolved "https://registry.npmjs.org/get-intrinsic/-/get-intrinsic-1.2.4.tgz"
    integrity sha512-5uYhsJH8VJBTv7oslg4BznJYhDoRI6waYCxMmCdnTrcCrHA/fCFKoTFz2JKKE0HdDFUF7/oQuhzumXJK7paBRQ==
    dependencies:
      es-errors "^1.3.0"
      function-bind "^1.1.2"
      has-proto "^1.0.1"
      has-symbols "^1.0.3"
      hasown "^2.0.0"
  
  glob-parent@~5.1.2:
    version "5.1.2"
    resolved "https://registry.npmjs.org/glob-parent/-/glob-parent-5.1.2.tgz"
    integrity sha512-AOIgSQCepiJYwP3ARnGx+5VnTu2HBYdzbGP45eLw1vr3zB3vZLeyed1sC9hnbcOc9/SrMyM5RPQrkGz4aS9Zow==
    dependencies:
      is-glob "^4.0.1"
  
  gopd@^1.0.1:
    version "1.0.1"
    resolved "https://registry.npmjs.org/gopd/-/gopd-1.0.1.tgz"
    integrity sha512-d65bNlIadxvpb/A2abVdlqKqV563juRnZ1Wtk6s1sIR8uNsXR70xqIzVqxVf1eTqDunwT2MkczEeaezCKTZhwA==
    dependencies:
      get-intrinsic "^1.1.3"
  
  has-flag@^3.0.0:
    version "3.0.0"
    resolved "https://registry.npmjs.org/has-flag/-/has-flag-3.0.0.tgz"
    integrity sha512-sKJf1+ceQBr4SMkvQnBDNDtf4TXpVhVGateu0t918bl30FnbE2m4vNLX+VWe/dpjlb+HugGYzW7uQXH98HPEYw==
  
  has-property-descriptors@^1.0.2:
    version "1.0.2"
    resolved "https://registry.npmjs.org/has-property-descriptors/-/has-property-descriptors-1.0.2.tgz"
    integrity sha512-55JNKuIW+vq4Ke1BjOTjM2YctQIvCT7GFzHwmfZPGo5wnrgkid0YQtnAleFSqumZm4az3n2BS+erby5ipJdgrg==
    dependencies:
      es-define-property "^1.0.0"
  
  has-proto@^1.0.1:
    version "1.0.3"
    resolved "https://registry.npmjs.org/has-proto/-/has-proto-1.0.3.tgz"
    integrity sha512-SJ1amZAJUiZS+PhsVLf5tGydlaVB8EdFpaSO4gmiUKUOxk8qzn5AIy4ZeJUmh22znIdk/uMAUT2pl3FxzVUH+Q==
  
  has-symbols@^1.0.3:
    version "1.0.3"
    resolved "https://registry.npmjs.org/has-symbols/-/has-symbols-1.0.3.tgz"
    integrity sha512-l3LCuF6MgDNwTDKkdYGEihYjt5pRPbEg46rtlmnSPlUbgmB8LOIrKJbYYFBSbnPaJexMKtiPO8hmeRjRz2Td+A==
  
  hasown@^2.0.0:
    version "2.0.2"
    resolved "https://registry.npmjs.org/hasown/-/hasown-2.0.2.tgz"
    integrity sha512-0hJU9SCPvmMzIBdZFqNPXWa6dqh7WdH0cII9y+CyS8rG3nL48Bclra9HmKhVVUHyPWNH5Y7xDwAB7bfgSjkUMQ==
    dependencies:
      function-bind "^1.1.2"
  
  helmet@^7.1.0:
    version "7.1.0"
    resolved "https://registry.npmjs.org/helmet/-/helmet-7.1.0.tgz"
    integrity sha512-g+HZqgfbpXdCkme/Cd/mZkV0aV3BZZZSugecH03kl38m/Kmdx8jKjBikpDj2cr+Iynv4KpYEviojNdTJActJAg==
  
  http-errors@2.0.0:
    version "2.0.0"
    resolved "https://registry.npmjs.org/http-errors/-/http-errors-2.0.0.tgz"
    integrity sha512-FtwrG/euBzaEjYeRqOgly7G0qviiXoJWnvEH2Z1plBdXgbyjv34pHTSb9zoeHMyDy33+DWy5Wt9Wo+TURtOYSQ==
    dependencies:
      depd "2.0.0"
      inherits "2.0.4"
      setprototypeof "1.2.0"
      statuses "2.0.1"
      toidentifier "1.0.1"
  
  iconv-lite@0.4.24:
    version "0.4.24"
    resolved "https://registry.npmjs.org/iconv-lite/-/iconv-lite-0.4.24.tgz"
    integrity sha512-v3MXnZAcvnywkTUEZomIActle7RXXeedOR31wwl7VlyoXO4Qi9arvSenNQWne1TcRwhCL1HwLI21bEqdpj8/rA==
    dependencies:
      safer-buffer ">= 2.1.2 < 3"
  
  ieee754@^1.1.13:
    version "1.2.1"
    resolved "https://registry.npmjs.org/ieee754/-/ieee754-1.2.1.tgz"
    integrity sha512-dcyqhDvX1C46lXZcVqCpK+FtMRQVdIMN6/Df5js2zouUsqG7I6sFxitIC+7KYK29KdXOLHdu9zL4sFnoVQnqaA==
  
  ignore-by-default@^1.0.1:
    version "1.0.1"
    resolved "https://registry.npmjs.org/ignore-by-default/-/ignore-by-default-1.0.1.tgz"
    integrity sha512-Ius2VYcGNk7T90CppJqcIkS5ooHUZyIQK+ClZfMfMNFEF9VSE73Fq+906u/CWu92x4gzZMWOwfFYckPObzdEbA==
  
  inherits@2.0.4:
    version "2.0.4"
    resolved "https://registry.npmjs.org/inherits/-/inherits-2.0.4.tgz"
    integrity sha512-k/vGaX4/Yla3WzyMCvTQOXYeIHvqOKtnqBduzTHpzpQZzAskKMhZ2K+EnBiSM9zGSoIFeMpXKxa4dYeZIQqewQ==
  
  ip-address@^9.0.5:
    version "9.0.5"
    resolved "https://registry.npmjs.org/ip-address/-/ip-address-9.0.5.tgz"
    integrity sha512-zHtQzGojZXTwZTHQqra+ETKd4Sn3vgi7uBmlPoXVWZqYvuKmtI0l/VZTjqGmJY9x88GGOaZ9+G9ES8hC4T4X8g==
    dependencies:
      jsbn "1.1.0"
      sprintf-js "^1.1.3"
  
  ipaddr.js@1.9.1:
    version "1.9.1"
    resolved "https://registry.npmjs.org/ipaddr.js/-/ipaddr.js-1.9.1.tgz"
    integrity sha512-0KI/607xoxSToH7GjN1FfSbLoU0+btTicjsQSWQlh/hZykN8KpmMf7uYwPW3R+akZ6R/w18ZlXSHBYXiYUPO3g==
  
  is-binary-path@~2.1.0:
    version "2.1.0"
    resolved "https://registry.npmjs.org/is-binary-path/-/is-binary-path-2.1.0.tgz"
    integrity sha512-ZMERYes6pDydyuGidse7OsHxtbI7WVeUEozgR/g7rd0xUimYNlvZRE/K2MgZTjWy725IfelLeVcEM97mmtRGXw==
    dependencies:
      binary-extensions "^2.0.0"
  
  is-extglob@^2.1.1:
    version "2.1.1"
    resolved "https://registry.npmjs.org/is-extglob/-/is-extglob-2.1.1.tgz"
    integrity sha512-SbKbANkN603Vi4jEZv49LeVJMn4yGwsbzZworEoyEiutsN3nJYdbO36zfhGJ6QEDpOZIFkDtnq5JRxmvl3jsoQ==
  
  is-glob@^4.0.1, is-glob@~4.0.1:
    version "4.0.3"
    resolved "https://registry.npmjs.org/is-glob/-/is-glob-4.0.3.tgz"
    integrity sha512-xelSayHH36ZgE7ZWhli7pW34hNbNl8Ojv5KVmkJD4hBdD3th8Tfk9vYasLM+mXWOZhFkgZfxhLSnrwRr4elSSg==
    dependencies:
      is-extglob "^2.1.1"
  
  is-number@^7.0.0:
    version "7.0.0"
    resolved "https://registry.npmjs.org/is-number/-/is-number-7.0.0.tgz"
    integrity sha512-41Cifkg6e8TylSpdtTpeLVMqvSBEVzTttHvERD741+pnZ8ANv0004MRL43QKPDlK9cGvNp6NZWZUBlbGXYxxng==
  
  "js-tokens@^3.0.0 || ^4.0.0":
    version "4.0.0"
    resolved "https://registry.npmjs.org/js-tokens/-/js-tokens-4.0.0.tgz"
    integrity sha512-RdJUflcE3cUzKiMqQgsCu06FPu9UdIJO0beYbPhHN4k6apgJtifcoCtT9bcxOpYBtpD2kCM6Sbzg4CausW/PKQ==
  
  jsbn@1.1.0:
    version "1.1.0"
    resolved "https://registry.npmjs.org/jsbn/-/jsbn-1.1.0.tgz"
    integrity sha512-4bYVV3aAMtDTTu4+xsDYa6sy9GyJ69/amsu9sYF2zqjiEoZA5xJi3BrfX3uY+/IekIu7MwdObdbDWpoZdBv3/A==
  
  jsonwebtoken@^8.5.1:
    version "8.5.1"
    resolved "https://registry.npmjs.org/jsonwebtoken/-/jsonwebtoken-8.5.1.tgz"
    integrity sha512-XjwVfRS6jTMsqYs0EsuJ4LGxXV14zQybNd4L2r0UvbVnSF9Af8x7p5MzbJ90Ioz/9TI41/hTCvznF/loiSzn8w==
    dependencies:
      jws "^3.2.2"
      lodash.includes "^4.3.0"
      lodash.isboolean "^3.0.3"
      lodash.isinteger "^4.0.4"
      lodash.isnumber "^3.0.3"
      lodash.isplainobject "^4.0.6"
      lodash.isstring "^4.0.1"
      lodash.once "^4.0.0"
      ms "^2.1.1"
      semver "^5.6.0"
  
  jwa@^1.4.1:
    version "1.4.1"
    resolved "https://registry.npmjs.org/jwa/-/jwa-1.4.1.tgz"
    integrity sha512-qiLX/xhEEFKUAJ6FiBMbes3w9ATzyk5W7Hvzpa/SLYdxNtng+gcurvrI7TbACjIXlsJyr05/S1oUhZrc63evQA==
    dependencies:
      buffer-equal-constant-time "1.0.1"
      ecdsa-sig-formatter "1.0.11"
      safe-buffer "^5.0.1"
  
  jws@^3.2.2:
    version "3.2.2"
    resolved "https://registry.npmjs.org/jws/-/jws-3.2.2.tgz"
    integrity sha512-YHlZCB6lMTllWDtSPHz/ZXTsi8S00usEV6v1tjq8tOUZzw7DpSDWVXjXDre6ed1w/pd495ODpHZYSdkRTsa0HA==
    dependencies:
      jwa "^1.4.1"
      safe-buffer "^5.0.1"
  
  jwt-decode@^4.0.0:
    version "4.0.0"
    resolved "https://registry.npmjs.org/jwt-decode/-/jwt-decode-4.0.0.tgz"
    integrity sha512-+KJGIyHgkGuIq3IEBNftfhW/LfWhXUIY6OmyVWjliu5KH1y0fw7VQ8YndE2O4qZdMSd9SqbnC8GOcZEy0Om7sA==
  
  kareem@2.5.1:
    version "2.5.1"
    resolved "https://registry.npmjs.org/kareem/-/kareem-2.5.1.tgz"
    integrity sha512-7jFxRVm+jD+rkq3kY0iZDJfsO2/t4BBPeEb2qKn2lR/9KhuksYk5hxzfRYWMPV8P/x2d0kHD306YyWLzjjH+uA==
  
  lodash.includes@^4.3.0:
    version "4.3.0"
    resolved "https://registry.npmjs.org/lodash.includes/-/lodash.includes-4.3.0.tgz"
    integrity sha512-W3Bx6mdkRTGtlJISOvVD/lbqjTlPPUDTMnlXZFnVwi9NKJ6tiAk6LVdlhZMm17VZisqhKcgzpO5Wz91PCt5b0w==
  
  lodash.isboolean@^3.0.3:
    version "3.0.3"
    resolved "https://registry.npmjs.org/lodash.isboolean/-/lodash.isboolean-3.0.3.tgz"
    integrity sha512-Bz5mupy2SVbPHURB98VAcw+aHh4vRV5IPNhILUCsOzRmsTmSQ17jIuqopAentWoehktxGd9e/hbIXq980/1QJg==
  
  lodash.isinteger@^4.0.4:
    version "4.0.4"
    resolved "https://registry.npmjs.org/lodash.isinteger/-/lodash.isinteger-4.0.4.tgz"
    integrity sha512-DBwtEWN2caHQ9/imiNeEA5ys1JoRtRfY3d7V9wkqtbycnAmTvRRmbHKDV4a0EYc678/dia0jrte4tjYwVBaZUA==
  
  lodash.isnumber@^3.0.3:
    version "3.0.3"
    resolved "https://registry.npmjs.org/lodash.isnumber/-/lodash.isnumber-3.0.3.tgz"
    integrity sha512-QYqzpfwO3/CWf3XP+Z+tkQsfaLL/EnUlXWVkIk5FUPc4sBdTehEqZONuyRt2P67PXAk+NXmTBcc97zw9t1FQrw==
  
  lodash.isplainobject@^4.0.6:
    version "4.0.6"
    resolved "https://registry.npmjs.org/lodash.isplainobject/-/lodash.isplainobject-4.0.6.tgz"
    integrity sha512-oSXzaWypCMHkPC3NvBEaPHf0KsA5mvPrOPgQWDsbg8n7orZ290M0BmC/jgRZ4vcJ6DTAhjrsSYgdsW/F+MFOBA==
  
  lodash.isstring@^4.0.1:
    version "4.0.1"
    resolved "https://registry.npmjs.org/lodash.isstring/-/lodash.isstring-4.0.1.tgz"
    integrity sha512-0wJxfxH1wgO3GrbuP+dTTk7op+6L41QCXbGINEmD+ny/G/eCqGzxyCsh7159S+mgDDcoarnBw6PC1PS5+wUGgw==
  
  lodash.once@^4.0.0:
    version "4.1.1"
    resolved "https://registry.npmjs.org/lodash.once/-/lodash.once-4.1.1.tgz"
    integrity sha512-Sb487aTOCr9drQVL8pIxOzVhafOjZN9UU54hiN8PU3uAiSV7lx1yYNpbNmex2PK6dSJoNTSJUUswT651yww3Mg==
  
  loose-envify@^1.4.0:
    version "1.4.0"
    resolved "https://registry.npmjs.org/loose-envify/-/loose-envify-1.4.0.tgz"
    integrity sha512-lyuxPGr/Wfhrlem2CL/UcnUc1zcqKAImBDzukY7Y5F/yQiNdko6+fRLevlw1HgMySw7f611UIY408EtxRSoK3Q==
    dependencies:
      js-tokens "^3.0.0 || ^4.0.0"
  
  media-typer@0.3.0:
    version "0.3.0"
    resolved "https://registry.npmjs.org/media-typer/-/media-typer-0.3.0.tgz"
    integrity sha512-dq+qelQ9akHpcOl/gUVRTxVIOkAJ1wR3QAvb4RsVjS8oVoFjDGTc679wJYmUmknUF5HwMLOgb5O+a3KxfWapPQ==
  
  memory-pager@^1.0.2:
    version "1.5.0"
    resolved "https://registry.npmjs.org/memory-pager/-/memory-pager-1.5.0.tgz"
    integrity sha512-ZS4Bp4r/Zoeq6+NLJpP+0Zzm0pR8whtGPf1XExKLJBAczGMnSi3It14OiNCStjQjM6NU1okjQGSxgEZN8eBYKg==
  
  merge-descriptors@1.0.1:
    version "1.0.1"
    resolved "https://registry.npmjs.org/merge-descriptors/-/merge-descriptors-1.0.1.tgz"
    integrity sha512-cCi6g3/Zr1iqQi6ySbseM1Xvooa98N0w31jzUYrXPX2xqObmFGHJ0tQ5u74H3mVh7wLouTseZyYIq39g8cNp1w==
  
  methods@~1.1.2:
    version "1.1.2"
    resolved "https://registry.npmjs.org/methods/-/methods-1.1.2.tgz"
    integrity sha512-iclAHeNqNm68zFtnZ0e+1L2yUIdvzNoauKU4WBA3VvH/vPFieF7qfRlwUZU+DA9P9bPXIS90ulxoUoCH23sV2w==
  
  mime-db@1.52.0:
    version "1.52.0"
    resolved "https://registry.npmjs.org/mime-db/-/mime-db-1.52.0.tgz"
    integrity sha512-sPU4uV7dYlvtWJxwwxHD0PuihVNiE7TyAbQ5SWxDCB9mUYvOgroQOwYQQOKPJ8CIbE+1ETVlOoK1UC2nU3gYvg==
  
  mime-types@~2.1.24, mime-types@~2.1.34:
    version "2.1.35"
    resolved "https://registry.npmjs.org/mime-types/-/mime-types-2.1.35.tgz"
    integrity sha512-ZDY+bPm5zTTF+YpCrAU9nK0UgICYPT0QtT1NZWFv4s++TNkcgVaT0g6+4R2uI4MjQjzysHB1zxuWL50hzaeXiw==
    dependencies:
      mime-db "1.52.0"
  
  mime@1.6.0:
    version "1.6.0"
    resolved "https://registry.npmjs.org/mime/-/mime-1.6.0.tgz"
    integrity sha512-x0Vn8spI+wuJ1O6S7gnbaQg8Pxh4NNHb7KSINmEWKiPE4RKOplvijn+NkmYmmRgP68mc70j2EbeTFRsrswaQeg==
  
  minimatch@^3.0.4:
    version "3.1.2"
    resolved "https://registry.npmjs.org/minimatch/-/minimatch-3.1.2.tgz"
    integrity sha512-J7p63hRiAjw1NDEww1W7i37+ByIrOWO5XQQAzZ3VOcL0PNybwpfmV/N05zFAzwQ9USyEcX6t3UO+K5aqBQOIHw==
    dependencies:
      brace-expansion "^1.1.7"
  
  mongodb-connection-string-url@^2.6.0:
    version "2.6.0"
    resolved "https://registry.npmjs.org/mongodb-connection-string-url/-/mongodb-connection-string-url-2.6.0.tgz"
    integrity sha512-WvTZlI9ab0QYtTYnuMLgobULWhokRjtC7db9LtcVfJ+Hsnyr5eo6ZtNAt3Ly24XZScGMelOcGtm7lSn0332tPQ==
    dependencies:
      "@types/whatwg-url" "^8.2.1"
      whatwg-url "^11.0.0"
  
  mongodb@4.17.2:
    version "4.17.2"
    resolved "https://registry.npmjs.org/mongodb/-/mongodb-4.17.2.tgz"
    integrity sha512-mLV7SEiov2LHleRJPMPrK2PMyhXFZt2UQLC4VD4pnth3jMjYKHhtqfwwkkvS/NXuo/Fp3vbhaNcXrIDaLRb9Tg==
    dependencies:
      bson "^4.7.2"
      mongodb-connection-string-url "^2.6.0"
      socks "^2.7.1"
    optionalDependencies:
      "@aws-sdk/credential-providers" "^3.186.0"
      "@mongodb-js/saslprep" "^1.1.0"
  
  mongoose@^6.13.0:
    version "6.13.0"
    resolved "https://registry.npmjs.org/mongoose/-/mongoose-6.13.0.tgz"
    integrity sha512-mieZBTtRIqA2xCGgl9Hlcr6fXU+AKNSOdeKfMYrb/IgdL3M/bDO4kYftsItIy86XyAoT5xV28alfCbMocFG8oA==
    dependencies:
      bson "^4.7.2"
      kareem "2.5.1"
      mongodb "4.17.2"
      mpath "0.9.0"
      mquery "4.0.3"
      ms "2.1.3"
      sift "16.0.1"
  
  mpath@0.9.0:
    version "0.9.0"
    resolved "https://registry.npmjs.org/mpath/-/mpath-0.9.0.tgz"
    integrity sha512-ikJRQTk8hw5DEoFVxHG1Gn9T/xcjtdnOKIU1JTmGjZZlg9LST2mBLmcX3/ICIbgJydT2GOc15RnNy5mHmzfSew==
  
  mquery@4.0.3:
    version "4.0.3"
    resolved "https://registry.npmjs.org/mquery/-/mquery-4.0.3.tgz"
    integrity sha512-J5heI+P08I6VJ2Ky3+33IpCdAvlYGTSUjwTPxkAr8i8EoduPMBX2OY/wa3IKZIQl7MU4SbFk8ndgSKyB/cl1zA==
    dependencies:
      debug "4.x"
  
  ms@2.0.0:
    version "2.0.0"
    resolved "https://registry.npmjs.org/ms/-/ms-2.0.0.tgz"
    integrity sha512-Tpp60P6IUJDTuOq/5Z8cdskzJujfwqfOTkrwIwj7IRISpnkJnT6SyJ4PCPnGMoFjC9ddhal5KVIYtAt97ix05A==
  
  ms@2.1.2:
    version "2.1.2"
    resolved "https://registry.npmjs.org/ms/-/ms-2.1.2.tgz"
    integrity sha512-sGkPx+VjMtmA6MX27oA4FBFELFCZZ4S4XqeGOXCv68tT+jb3vk/RyaKWP0PTKyWtmLSM0b+adUTEvbs1PEaH2w==
  
  ms@2.1.3, ms@^2.1.1:
    version "2.1.3"
    resolved "https://registry.npmjs.org/ms/-/ms-2.1.3.tgz"
    integrity sha512-6FlzubTLZG3J2a/NVCAleEhjzq5oxgHyaCU9yYXvcLsvoVaHJq/s5xXI6/XXP6tz7R9xAOtHnSO/tXtF3WRTlA==
  
  negotiator@0.6.3:
    version "0.6.3"
    resolved "https://registry.npmjs.org/negotiator/-/negotiator-0.6.3.tgz"
    integrity sha512-+EUsqGPLsM+j/zdChZjsnX51g4XrHFOIXwfnCVPGlQk/k5giakcKsuxCObBRu6DSm9opw/O6slWbJdghQM4bBg==
  
  nodemon@^2.0.19:
    version "2.0.19"
    resolved "https://registry.npmjs.org/nodemon/-/nodemon-2.0.19.tgz"
    integrity sha512-4pv1f2bMDj0Eeg/MhGqxrtveeQ5/G/UVe9iO6uTZzjnRluSA4PVWf8CW99LUPwGB3eNIA7zUFoP77YuI7hOc0A==
    dependencies:
      chokidar "^3.5.2"
      debug "^3.2.7"
      ignore-by-default "^1.0.1"
      minimatch "^3.0.4"
      pstree.remy "^1.1.8"
      semver "^5.7.1"
      simple-update-notifier "^1.0.7"
      supports-color "^5.5.0"
      touch "^3.1.0"
      undefsafe "^2.0.5"
  
  nopt@~1.0.10:
    version "1.0.10"
    resolved "https://registry.npmjs.org/nopt/-/nopt-1.0.10.tgz"
    integrity sha512-NWmpvLSqUrgrAC9HCuxEvb+PSloHpqVu+FqcO4eeF2h5qYRhA7ev6KvelyQAKtegUbC6RypJnlEOhd8vloNKYg==
    dependencies:
      abbrev "1"
  
  normalize-path@^3.0.0, normalize-path@~3.0.0:
    version "3.0.0"
    resolved "https://registry.npmjs.org/normalize-path/-/normalize-path-3.0.0.tgz"
    integrity sha512-6eZs5Ls3WtCisHWp9S2GUy8dqkpGi4BVSz3GaqiE6ezub0512ESztXUwUB6C6IKbQkY2Pnb/mD4WYojCRwcwLA==
  
  oauth@0.10.x:
    version "0.10.0"
    resolved "https://registry.npmjs.org/oauth/-/oauth-0.10.0.tgz"
    integrity sha512-1orQ9MT1vHFGQxhuy7E/0gECD3fd2fCC+PIX+/jgmU/gI3EpRocXtmtvxCO5x3WZ443FLTLFWNDjl5MPJf9u+Q==
  
  object-assign@^4, object-assign@^4.1.1:
    version "4.1.1"
    resolved "https://registry.npmjs.org/object-assign/-/object-assign-4.1.1.tgz"
    integrity sha512-rJgTQnkUnH1sFw8yT6VSU3zD3sWmu6sZhIseY8VX+GRu3P6F7Fu+JNDoXfklElbLJSnc3FUQHVe4cU5hj+BcUg==
  
  object-inspect@^1.13.1:
    version "1.13.2"
    resolved "https://registry.npmjs.org/object-inspect/-/object-inspect-1.13.2.tgz"
    integrity sha512-IRZSRuzJiynemAXPYtPe5BoI/RESNYR7TYm50MC5Mqbd3Jmw5y790sErYw3V6SryFJD64b74qQQs9wn5Bg/k3g==
  
  on-finished@2.4.1:
    version "2.4.1"
    resolved "https://registry.npmjs.org/on-finished/-/on-finished-2.4.1.tgz"
    integrity sha512-oVlzkg3ENAhCk2zdv7IJwd/QUD4z2RxRwpkcGY8psCVcCYZNq4wYnVWALHM+brtuJjePWiYF/ClmuDr8Ch5+kg==
    dependencies:
      ee-first "1.1.1"
  
  on-headers@~1.0.2:
    version "1.0.2"
    resolved "https://registry.npmjs.org/on-headers/-/on-headers-1.0.2.tgz"
    integrity sha512-pZAE+FJLoyITytdqK0U5s+FIpjN0JP3OzFi/u8Rx+EV5/W+JTWGXG8xFzevE7AjBfDqHv/8vL8qQsIhHnqRkrA==
  
  parseurl@~1.3.3:
    version "1.3.3"
    resolved "https://registry.npmjs.org/parseurl/-/parseurl-1.3.3.tgz"
    integrity sha512-CiyeOxFT/JZyN5m0z9PfXw4SCBJ6Sygz1Dpl0wqjlhDEGGBP1GnsUVEL0p63hoG1fcj3fHynXi9NYO4nWOL+qQ==
  
  passport-discord@^0.1.4:
    version "0.1.4"
    resolved "https://registry.npmjs.org/passport-discord/-/passport-discord-0.1.4.tgz"
    integrity sha512-VJWPYqSOmh7SaCLw/C+k1ZqCzJnn2frrmQRx1YrcPJ3MQ+Oa31XclbbmqFICSvl8xv3Fqd6YWQ4H4p1MpIN9rA==
    dependencies:
      passport-oauth2 "^1.5.0"
  
  passport-oauth2@^1.5.0:
    version "1.8.0"
    resolved "https://registry.npmjs.org/passport-oauth2/-/passport-oauth2-1.8.0.tgz"
    integrity sha512-cjsQbOrXIDE4P8nNb3FQRCCmJJ/utnFKEz2NX209f7KOHPoX18gF7gBzBbLLsj2/je4KrgiwLLGjf0lm9rtTBA==
    dependencies:
      base64url "3.x.x"
      oauth "0.10.x"
      passport-strategy "1.x.x"
      uid2 "0.0.x"
      utils-merge "1.x.x"
  
  passport-strategy@1.x.x:
    version "1.0.0"
    resolved "https://registry.npmjs.org/passport-strategy/-/passport-strategy-1.0.0.tgz"
    integrity sha512-CB97UUvDKJde2V0KDWWB3lyf6PC3FaZP7YxZ2G8OAtn9p4HI9j9JLP9qjOGZFvyl8uwNT8qM+hGnz/n16NI7oA==
  
  passport@^0.7.0:
    version "0.7.0"
    resolved "https://registry.npmjs.org/passport/-/passport-0.7.0.tgz"
    integrity sha512-cPLl+qZpSc+ireUvt+IzqbED1cHHkDoVYMo30jbJIdOOjQ1MQYZBPiNvmi8UM6lJuOpTPXJGZQk0DtC4y61MYQ==
    dependencies:
      passport-strategy "1.x.x"
      pause "0.0.1"
      utils-merge "^1.0.1"
  
  path-to-regexp@0.1.7:
    version "0.1.7"
    resolved "https://registry.npmjs.org/path-to-regexp/-/path-to-regexp-0.1.7.tgz"
    integrity sha512-5DFkuoqlv1uYQKxy8omFBeJPQcdoE07Kv2sferDCrAq1ohOU+MSDswDIbnx3YAM60qIOnYa53wBhXW0EbMonrQ==
  
  pause@0.0.1:
    version "0.0.1"
    resolved "https://registry.npmjs.org/pause/-/pause-0.0.1.tgz"
    integrity sha512-KG8UEiEVkR3wGEb4m5yZkVCzigAD+cVEJck2CzYZO37ZGJfctvVptVO192MwrtPhzONn6go8ylnOdMhKqi4nfg==
  
  picomatch@^2.0.4, picomatch@^2.2.1:
    version "2.3.1"
    resolved "https://registry.npmjs.org/picomatch/-/picomatch-2.3.1.tgz"
    integrity sha512-JU3teHTNjmE2VCGFzuY8EXzCDVwEqB2a8fsIvwaStHhAWJEeVd1o1QD80CU6+ZdEXXSLbSsuLwJjkCBWqRQUVA==
  
  prop-types@^15.7.2:
    version "15.8.1"
    resolved "https://registry.npmjs.org/prop-types/-/prop-types-15.8.1.tgz"
    integrity sha512-oj87CgZICdulUohogVAR7AjlC0327U4el4L6eAvOqCeudMDVU0NThNaV+b9Df4dXgSP1gXMTnPdhfe/2qDH5cg==
    dependencies:
      loose-envify "^1.4.0"
      object-assign "^4.1.1"
      react-is "^16.13.1"
  
  proxy-addr@~2.0.7:
    version "2.0.7"
    resolved "https://registry.npmjs.org/proxy-addr/-/proxy-addr-2.0.7.tgz"
    integrity sha512-llQsMLSUDUPT44jdrU/O37qlnifitDP+ZwrmmZcoSKyLKvtZxpyV0n2/bD/N4tBAAZ/gJEdZU7KMraoK1+XYAg==
    dependencies:
      forwarded "0.2.0"
      ipaddr.js "1.9.1"
  
  pstree.remy@^1.1.8:
    version "1.1.8"
    resolved "https://registry.npmjs.org/pstree.remy/-/pstree.remy-1.1.8.tgz"
    integrity sha512-77DZwxQmxKnu3aR542U+X8FypNzbfJ+C5XQDk3uWjWxn6151aIMGthWYRXTqT1E5oJvg+ljaa2OJi+VfvCOQ8w==
  
  punycode@^2.1.1:
    version "2.3.1"
    resolved "https://registry.npmjs.org/punycode/-/punycode-2.3.1.tgz"
    integrity sha512-vYt7UD1U9Wg6138shLtLOvdAu+8DsC/ilFtEVHcH+wydcSpNE20AfSOduf6MkRFahL5FY7X1oU7nKVZFtfq8Fg==
  
  qs@6.11.0:
    version "6.11.0"
    resolved "https://registry.npmjs.org/qs/-/qs-6.11.0.tgz"
    integrity sha512-MvjoMCJwEarSbUYk5O+nmoSzSutSsTwF85zcHPQ9OrlFoZOYIjaqBAJIqIXjptyD5vThxGq52Xu/MaJzRkIk4Q==
    dependencies:
      side-channel "^1.0.4"
  
  qs@^6.11.0:
    version "6.12.3"
    resolved "https://registry.npmjs.org/qs/-/qs-6.12.3.tgz"
    integrity sha512-AWJm14H1vVaO/iNZ4/hO+HyaTehuy9nRqVdkTqlJt0HWvBiBIEXFmb4C0DGeYo3Xes9rrEW+TxHsaigCbN5ICQ==
    dependencies:
      side-channel "^1.0.6"
  
  random-bytes@~1.0.0:
    version "1.0.0"
    resolved "https://registry.npmjs.org/random-bytes/-/random-bytes-1.0.0.tgz"
    integrity sha512-iv7LhNVO047HzYR3InF6pUcUsPQiHTM1Qal51DcGSuZFBil1aBBWG5eHPNek7bvILMaYJ/8RU1e8w1AMdHmLQQ==
  
  range-parser@~1.2.1:
    version "1.2.1"
    resolved "https://registry.npmjs.org/range-parser/-/range-parser-1.2.1.tgz"
    integrity sha512-Hrgsx+orqoygnmhFbKaHE6c296J+HTAQXoxEF6gNupROmmGJRoyzfG3ccAveqCBrwr/2yxQ5BVd/GTl5agOwSg==
  
  raw-body@2.5.2:
    version "2.5.2"
    resolved "https://registry.npmjs.org/raw-body/-/raw-body-2.5.2.tgz"
    integrity sha512-8zGqypfENjCIqGhgXToC8aB2r7YrBX+AQAfIPs/Mlk+BtPTztOvTS01NRW/3Eh60J+a48lt8qsCzirQ6loCVfA==
    dependencies:
      bytes "3.1.2"
      http-errors "2.0.0"
      iconv-lite "0.4.24"
      unpipe "1.0.0"
  
  react-is@^16.13.1:
    version "16.13.1"
    resolved "https://registry.npmjs.org/react-is/-/react-is-16.13.1.tgz"
    integrity sha512-24e6ynE2H+OKt4kqsOvNd8kBpV65zoxbA4BVsEOB3ARVWQki/DHzaUoC5KuON/BiccDaCCTZBuOcfZs70kR8bQ==
  
  readdirp@~3.6.0:
    version "3.6.0"
    resolved "https://registry.npmjs.org/readdirp/-/readdirp-3.6.0.tgz"
    integrity sha512-hOS089on8RduqdbhvQ5Z37A0ESjsqz6qnRcffsMU3495FuTdqSm+7bhJ29JvIOsBDEEnan5DPu9t3To9VRlMzA==
    dependencies:
      picomatch "^2.2.1"
  
  regenerator-runtime@^0.14.0:
    version "0.14.1"
    resolved "https://registry.npmjs.org/regenerator-runtime/-/regenerator-runtime-0.14.1.tgz"
    integrity sha512-dYnhHh0nJoMfnkZs6GmmhFknAGRrLznOu5nc9ML+EJxGvrx6H7teuevqVqCuPcPK//3eDrrjQhehXVx9cnkGdw==
  
  safe-buffer@5.2.1, safe-buffer@^5.0.1:
    version "5.2.1"
    resolved "https://registry.npmjs.org/safe-buffer/-/safe-buffer-5.2.1.tgz"
    integrity sha512-rp3So07KcdmmKbGvgaNxQSJr7bGVSVk5S9Eq1F+ppbRo70+YeaDxkw5Dd8NPN+GD6bjnYm2VuPuCXmpuYvmCXQ==
  
  "safer-buffer@>= 2.1.2 < 3":
    version "2.1.2"
    resolved "https://registry.npmjs.org/safer-buffer/-/safer-buffer-2.1.2.tgz"
    integrity sha512-YZo3K82SD7Riyi0E1EQPojLz7kpepnSQI9IyPbHHg1XXXevb5dJI7tpyN2ADxGcQbHG7vcyRHk0cbwqcQriUtg==
  
  semver@^5.6.0, semver@^5.7.1:
    version "5.7.1"
    resolved "https://registry.npmjs.org/semver/-/semver-5.7.1.tgz"
    integrity sha512-sauaDf/PZdVgrLTNYHRtpXa1iRiKcaebiKQ1BJdpQlWH2lCvexQdX55snPFyK7QzpudqbCI0qXFfOasHdyNDGQ==
  
  semver@~7.0.0:
    version "7.0.0"
    resolved "https://registry.npmjs.org/semver/-/semver-7.0.0.tgz"
    integrity sha512-+GB6zVA9LWh6zovYQLALHwv5rb2PHGlJi3lfiqIHxR0uuwCgefcOJc59v9fv1w8GbStwxuuqqAjI9NMAOOgq1A==
  
  send@0.18.0:
    version "0.18.0"
    resolved "https://registry.npmjs.org/send/-/send-0.18.0.tgz"
    integrity sha512-qqWzuOjSFOuqPjFe4NOsMLafToQQwBSOEpS+FwEt3A2V3vKubTquT3vmLTQpFgMXp8AlFWFuP1qKaJZOtPpVXg==
    dependencies:
      debug "2.6.9"
      depd "2.0.0"
      destroy "1.2.0"
      encodeurl "~1.0.2"
      escape-html "~1.0.3"
      etag "~1.8.1"
      fresh "0.5.2"
      http-errors "2.0.0"
      mime "1.6.0"
      ms "2.1.3"
      on-finished "2.4.1"
      range-parser "~1.2.1"
      statuses "2.0.1"
  
  serve-static@1.15.0:
    version "1.15.0"
    resolved "https://registry.npmjs.org/serve-static/-/serve-static-1.15.0.tgz"
    integrity sha512-XGuRDNjXUijsUL0vl6nSD7cwURuzEgglbOaFuZM9g3kwDXOWVTck0jLzjPzGD+TazWbboZYu52/9/XPdUgne9g==
    dependencies:
      encodeurl "~1.0.2"
      escape-html "~1.0.3"
      parseurl "~1.3.3"
      send "0.18.0"
  
  set-function-length@^1.2.1:
    version "1.2.2"
    resolved "https://registry.npmjs.org/set-function-length/-/set-function-length-1.2.2.tgz"
    integrity sha512-pgRc4hJ4/sNjWCSS9AmnS40x3bNMDTknHgL5UaMBTMyJnU90EgWh1Rz+MC9eFu4BuN/UwZjKQuY/1v3rM7HMfg==
    dependencies:
      define-data-property "^1.1.4"
      es-errors "^1.3.0"
      function-bind "^1.1.2"
      get-intrinsic "^1.2.4"
      gopd "^1.0.1"
      has-property-descriptors "^1.0.2"
  
  setprototypeof@1.2.0:
    version "1.2.0"
    resolved "https://registry.npmjs.org/setprototypeof/-/setprototypeof-1.2.0.tgz"
    integrity sha512-E5LDX7Wrp85Kil5bhZv46j8jOeboKq5JMmYM3gVGdGH8xFpPWXUMsNrlODCrkoxMEeNi/XZIwuRvY4XNwYMJpw==
  
  side-channel@^1.0.4, side-channel@^1.0.6:
    version "1.0.6"
    resolved "https://registry.npmjs.org/side-channel/-/side-channel-1.0.6.tgz"
    integrity sha512-fDW/EZ6Q9RiO8eFG8Hj+7u/oW+XrPTIChwCOM2+th2A6OblDtYYIpve9m+KvI9Z4C9qSEXlaGR6bTEYHReuglA==
    dependencies:
      call-bind "^1.0.7"
      es-errors "^1.3.0"
      get-intrinsic "^1.2.4"
      object-inspect "^1.13.1"
  
  sift@16.0.1:
    version "16.0.1"
    resolved "https://registry.npmjs.org/sift/-/sift-16.0.1.tgz"
    integrity sha512-Wv6BjQ5zbhW7VFefWusVP33T/EM0vYikCaQ2qR8yULbsilAT8/wQaXvuQ3ptGLpoKx+lihJE3y2UTgKDyyNHZQ==
  
  simple-update-notifier@^1.0.7:
    version "1.0.7"
    resolved "https://registry.npmjs.org/simple-update-notifier/-/simple-update-notifier-1.0.7.tgz"
    integrity sha512-BBKgR84BJQJm6WjWFMHgLVuo61FBDSj1z/xSFUIozqO6wO7ii0JxCqlIud7Enr/+LhlbNI0whErq96P2qHNWew==
    dependencies:
      semver "~7.0.0"
  
  smart-buffer@^4.2.0:
    version "4.2.0"
    resolved "https://registry.npmjs.org/smart-buffer/-/smart-buffer-4.2.0.tgz"
    integrity sha512-94hK0Hh8rPqQl2xXc3HsaBoOXKV20MToPkcXvwbISWLEs+64sBq5kFgn2kJDHb1Pry9yrP0dxrCI9RRci7RXKg==
  
  socks@^2.7.1:
    version "2.8.3"
    resolved "https://registry.npmjs.org/socks/-/socks-2.8.3.tgz"
    integrity sha512-l5x7VUUWbjVFbafGLxPWkYsHIhEvmF85tbIeFZWc8ZPtoMyybuEhL7Jye/ooC4/d48FgOjSJXgsF/AJPYCW8Zw==
    dependencies:
      ip-address "^9.0.5"
      smart-buffer "^4.2.0"
  
  sparse-bitfield@^3.0.3:
    version "3.0.3"
    resolved "https://registry.npmjs.org/sparse-bitfield/-/sparse-bitfield-3.0.3.tgz"
    integrity sha512-kvzhi7vqKTfkh0PZU+2D2PIllw2ymqJKujUcyPMd9Y75Nv4nPbGJZXNhxsgdQab2BmlDct1YnfQCguEvHr7VsQ==
    dependencies:
      memory-pager "^1.0.2"
  
  sprintf-js@^1.1.3:
    version "1.1.3"
    resolved "https://registry.npmjs.org/sprintf-js/-/sprintf-js-1.1.3.tgz"
    integrity sha512-Oo+0REFV59/rz3gfJNKQiBlwfHaSESl1pcGyABQsnnIfWOFt6JNj5gCog2U6MLZ//IGYD+nA8nI+mTShREReaA==
  
  statuses@2.0.1:
    version "2.0.1"
    resolved "https://registry.npmjs.org/statuses/-/statuses-2.0.1.tgz"
    integrity sha512-RwNA9Z/7PrK06rYLIzFMlaF+l73iwpzsqRIFgbMLbTcLD6cOao82TaWefPXQvB2fOC4AjuYSEndS7N/mTCbkdQ==
  
  stripe@^16.2.0:
    version "16.2.0"
    resolved "https://registry.npmjs.org/stripe/-/stripe-16.2.0.tgz"
    integrity sha512-kNHb5x6mlQJ8V92Afn+F+uyHG3U0+Mc1pOYxDkbEh/kI3oF63URnUt6dwTQthELYWBy04arerm2XjwgtzEPDEA==
    dependencies:
      "@types/node" ">=8.1.0"
      qs "^6.11.0"
  
  strnum@^1.0.5:
    version "1.0.5"
    resolved "https://registry.npmjs.org/strnum/-/strnum-1.0.5.tgz"
    integrity sha512-J8bbNyKKXl5qYcR36TIO8W3mVGVHrmmxsd5PAItGkmyzwJvybiw2IVq5nqd0i4LSNSkB/sx9VHllbfFdr9k1JA==
  
  supports-color@^5.5.0:
    version "5.5.0"
    resolved "https://registry.npmjs.org/supports-color/-/supports-color-5.5.0.tgz"
    integrity sha512-QjVjwdXIt408MIiAqCX4oUKsgU2EqAGzs2Ppkm4aQYbjm+ZEWEcW4SfFNTr4uMNZma0ey4f5lgLrkB0aX0QMow==
    dependencies:
      has-flag "^3.0.0"
  
  to-regex-range@^5.0.1:
    version "5.0.1"
    resolved "https://registry.npmjs.org/to-regex-range/-/to-regex-range-5.0.1.tgz"
    integrity sha512-65P7iz6X5yEr1cwcgvQxbbIw7Uk3gOy5dIdtZ4rDveLqhrdJP+Li/Hx6tyK0NEb+2GCyneCMJiGqrADCSNk8sQ==
    dependencies:
      is-number "^7.0.0"
  
  toidentifier@1.0.1:
    version "1.0.1"
    resolved "https://registry.npmjs.org/toidentifier/-/toidentifier-1.0.1.tgz"
    integrity sha512-o5sSPKEkg/DIQNmH43V0/uerLrpzVedkUh8tGNvaeXpfpuwjKenlSox/2O/BTlZUtEe+JG7s5YhEz608PlAHRA==
  
  touch@^3.1.0:
    version "3.1.0"
    resolved "https://registry.npmjs.org/touch/-/touch-3.1.0.tgz"
    integrity sha512-WBx8Uy5TLtOSRtIq+M03/sKDrXCLHxwDcquSP2c43Le03/9serjQBIztjRz6FkJez9D/hleyAXTBGLwwZUw9lA==
    dependencies:
      nopt "~1.0.10"
  
  tr46@^3.0.0:
    version "3.0.0"
    resolved "https://registry.npmjs.org/tr46/-/tr46-3.0.0.tgz"
    integrity sha512-l7FvfAHlcmulp8kr+flpQZmVwtu7nfRV7NZujtN0OqES8EL4O4e0qqzL0DC5gAvx/ZC/9lk6rhcUwYvkBnBnYA==
    dependencies:
      punycode "^2.1.1"
  
  tslib@^2.6.2:
    version "2.6.3"
    resolved "https://registry.npmjs.org/tslib/-/tslib-2.6.3.tgz"
    integrity sha512-xNvxJEOUiWPGhUuUdQgAJPKOOJfGnIyKySOc09XkKsgdUV/3E2zvwZYdejjmRgPCgcym1juLH3226yA7sEFJKQ==
  
  type-is@~1.6.18:
    version "1.6.18"
    resolved "https://registry.npmjs.org/type-is/-/type-is-1.6.18.tgz"
    integrity sha512-TkRKr9sUTxEH8MdfuCSP7VizJyzRNMjj2J2do2Jr3Kym598JVdEksuzPQCnlFPW4ky9Q+iA+ma9BGm06XQBy8g==
    dependencies:
      media-typer "0.3.0"
      mime-types "~2.1.24"
  
  uid-safe@~2.1.5:
    version "2.1.5"
    resolved "https://registry.npmjs.org/uid-safe/-/uid-safe-2.1.5.tgz"
    integrity sha512-KPHm4VL5dDXKz01UuEd88Df+KzynaohSL9fBh096KWAxSKZQDI2uBrVqtvRM4rwrIrRRKsdLNML/lnaaVSRioA==
    dependencies:
      random-bytes "~1.0.0"
  
  uid2@0.0.x:
    version "0.0.4"
    resolved "https://registry.npmjs.org/uid2/-/uid2-0.0.4.tgz"
    integrity sha512-IevTus0SbGwQzYh3+fRsAMTVVPOoIVufzacXcHPmdlle1jUpq7BRL+mw3dgeLanvGZdwwbWhRV6XrcFNdBmjWA==
  
  undefsafe@^2.0.5:
    version "2.0.5"
    resolved "https://registry.npmjs.org/undefsafe/-/undefsafe-2.0.5.tgz"
    integrity sha512-WxONCrssBM8TSPRqN5EmsjVrsv4A8X12J4ArBiiayv3DyyG3ZlIg6yysuuSYdZsVz3TKcTg2fd//Ujd4CHV1iA==
  
  unpipe@1.0.0, unpipe@~1.0.0:
    version "1.0.0"
    resolved "https://registry.npmjs.org/unpipe/-/unpipe-1.0.0.tgz"
    integrity sha512-pjy2bYhSsufwWlKwPc+l3cN7+wuJlK6uz0YdJEOlQDbl6jo/YlPi4mb8agUkVC8BF7V8NuzeyPNqRksA3hztKQ==
  
  utils-merge@1.0.1, utils-merge@1.x.x, utils-merge@^1.0.1:
    version "1.0.1"
    resolved "https://registry.npmjs.org/utils-merge/-/utils-merge-1.0.1.tgz"
    integrity sha512-pMZTvIkT1d+TFGvDOqodOclx0QWkkgi6Tdoa8gC8ffGAAqz9pzPTZWAybbsHHoED/ztMtkv/VoYTYyShUn81hA==
  
  uuid@^9.0.1:
    version "9.0.1"
    resolved "https://registry.npmjs.org/uuid/-/uuid-9.0.1.tgz"
    integrity sha512-b+1eJOlsR9K8HJpow9Ok3fiWOWSIcIzXodvv0rQjVoOVNpWMpxf1wZNpt4y9h10odCNrqnYp1OBzRktckBe3sA==
  
  vary@^1, vary@~1.1.2:
    version "1.1.2"
    resolved "https://registry.npmjs.org/vary/-/vary-1.1.2.tgz"
    integrity sha512-BNGbWLfd0eUPabhkXUVm0j8uuvREyTh5ovRa/dyow/BqAbZJyC+5fU+IzQOzmAKzYqYRAISoRhdQr3eIZ/PXqg==
  
  webidl-conversions@^7.0.0:
    version "7.0.0"
    resolved "https://registry.npmjs.org/webidl-conversions/-/webidl-conversions-7.0.0.tgz"
    integrity sha512-VwddBukDzu71offAQR975unBIGqfKZpM+8ZX6ySk8nYhVoo5CYaZyzt3YBvYtRtO+aoGlqxPg/B87NGVZ/fu6g==
  
  whatwg-url@^11.0.0:
    version "11.0.0"
    resolved "https://registry.npmjs.org/whatwg-url/-/whatwg-url-11.0.0.tgz"
    integrity sha512-RKT8HExMpoYx4igMiVMY83lN6UeITKJlBQ+vR/8ZJ8OCdSiN3RwCq+9gH0+Xzj0+5IrM6i4j/6LuvzbZIQgEcQ==
    dependencies:
      tr46 "^3.0.0"
      webidl-conversions "^7.0.0"
